"../../../Engine/Content/EditorResources/S_Actor.ubulk" 0
"../../../Engine/Content/EditorResources/S_Actor.uasset" 1
"../../../Engine/Content/EditorResources/S_Actor.uexp" 2
"../../../Engine/Content/EditorResources/S_BoxReflectionCapture.uasset" 3
"../../../Engine/Content/EditorResources/S_BoxReflectionCapture.uexp" 4
"../../../Engine/Content/EngineResources/DefaultTexture.ubulk" 5
"../../../Engine/Content/EngineResources/DefaultTexture.uasset" 6
"../../../Engine/Content/EngineResources/DefaultTexture.uexp" 7
"../../../Engine/Content/EngineResources/DefaultTextureCube.uasset" 8
"../../../Engine/Content/EngineResources/DefaultTextureCube.uexp" 9
"../../../Engine/Content/EngineResources/DefaultVolumeTexture2D.uasset" 10
"../../../Engine/Content/EngineResources/DefaultVolumeTexture2D.uexp" 11
"../../../Engine/Content/EngineResources/DefaultVolumeTexture.uasset" 12
"../../../Engine/Content/EngineResources/DefaultVolumeTexture.uexp" 13
"../../../Engine/Content/EditorResources/S_Trigger.ubulk" 14
"../../../Engine/Content/EditorResources/S_Trigger.uasset" 15
"../../../Engine/Content/EditorResources/S_Trigger.uexp" 16
"../../../Engine/Content/EditorResources/S_TriggerBox.uasset" 17
"../../../Engine/Content/EditorResources/S_TriggerBox.uexp" 18
"../../../Engine/Content/EditorResources/S_TriggerCapsule.uasset" 19
"../../../Engine/Content/EditorResources/S_TriggerCapsule.uexp" 20
"../../../Engine/Content/EditorResources/S_TriggerSphere.uasset" 21
"../../../Engine/Content/EditorResources/S_TriggerSphere.uexp" 22
"../../../Engine/Content/EngineMeshes/Sphere.ubulk" 23
"../../../Engine/Content/EngineMeshes/Sphere.uasset" 24
"../../../Engine/Content/EngineMeshes/Sphere.uexp" 25
"../../../Engine/Content/EngineResources/GradientTexture0.uasset" 26
"../../../Engine/Content/EngineResources/GradientTexture0.uexp" 27
"../../../Engine/Content/EngineResources/Black.uasset" 28
"../../../Engine/Content/EngineResources/Black.uexp" 29
"../../../Engine/Content/VREditor/LaserPointer/VR_LaserPower_01.ubulk" 30
"../../../Engine/Content/VREditor/LaserPointer/VR_LaserPower_01.uasset" 31
"../../../Engine/Content/VREditor/LaserPointer/VR_LaserPower_01.uexp" 32
"../../../Engine/Content/VREditor/TransformGizmo/TransformGizmoMaterial.uasset" 33
"../../../Engine/Content/VREditor/TransformGizmo/TransformGizmoMaterial.uexp" 34
"../../../Engine/Content/VREditor/TransformGizmo/TranslucentTransformGizmoMaterial.uasset" 35
"../../../Engine/Content/VREditor/TransformGizmo/TranslucentTransformGizmoMaterial.uexp" 36
"../../../Engine/Content/VREditor/TransformGizmo/PlaneTranslationHandle.ubulk" 37
"../../../Engine/Content/VREditor/TransformGizmo/PlaneTranslationHandle.uasset" 38
"../../../Engine/Content/VREditor/TransformGizmo/PlaneTranslationHandle.uexp" 39
"../../../Engine/Content/VREditor/TransformGizmo/BoundingBoxCorner.ubulk" 40
"../../../Engine/Content/VREditor/TransformGizmo/BoundingBoxCorner.uasset" 41
"../../../Engine/Content/VREditor/TransformGizmo/BoundingBoxCorner.uexp" 42
"../../../Engine/Content/VREditor/TransformGizmo/BoundingBoxEdge.ubulk" 43
"../../../Engine/Content/VREditor/TransformGizmo/BoundingBoxEdge.uasset" 44
"../../../Engine/Content/VREditor/TransformGizmo/BoundingBoxEdge.uexp" 45
"../../../Engine/Content/VREditor/TransformGizmo/Main.uasset" 46
"../../../Engine/Content/VREditor/TransformGizmo/Main.uexp" 47
"../../../Engine/Content/VREditor/TransformGizmo/Xray.uasset" 48
"../../../Engine/Content/VREditor/TransformGizmo/Xray.uexp" 49
"../../../Engine/Content/VREditor/TransformGizmo/SM_Sequencer_Node.ubulk" 50
"../../../Engine/Content/VREditor/TransformGizmo/SM_Sequencer_Node.uasset" 51
"../../../Engine/Content/VREditor/TransformGizmo/SM_Sequencer_Node.uexp" 52
"../../../Engine/Content/EditorMaterials/Camera/CineMat.uasset" 53
"../../../Engine/Content/EditorMaterials/Camera/CineMat.uexp" 54
"../../../Engine/Content/EditorMaterials/Camera/MI_CineMat_Rig.uasset" 55
"../../../Engine/Content/EditorMaterials/Camera/MI_CineMat_Rig.uexp" 56
"../../../Engine/Content/EditorMeshes/Camera/SM_CraneRig_Base.ubulk" 57
"../../../Engine/Content/EditorMeshes/Camera/SM_CraneRig_Base.uasset" 58
"../../../Engine/Content/EditorMeshes/Camera/SM_CraneRig_Base.uexp" 59
"../../../Engine/Content/EditorMeshes/Camera/SM_CraneRig_Arm.ubulk" 60
"../../../Engine/Content/EditorMeshes/Camera/SM_CraneRig_Arm.uasset" 61
"../../../Engine/Content/EditorMeshes/Camera/SM_CraneRig_Arm.uexp" 62
"../../../Engine/Content/EditorMeshes/Camera/SM_CraneRig_Mount.ubulk" 63
"../../../Engine/Content/EditorMeshes/Camera/SM_CraneRig_Mount.uasset" 64
"../../../Engine/Content/EditorMeshes/Camera/SM_CraneRig_Mount.uexp" 65
"../../../Engine/Content/EditorMeshes/Camera/SM_CraneRig_Body.ubulk" 66
"../../../Engine/Content/EditorMeshes/Camera/SM_CraneRig_Body.uasset" 67
"../../../Engine/Content/EditorMeshes/Camera/SM_CraneRig_Body.uexp" 68
"../../../Engine/Content/EditorMeshes/Camera/SM_RailRig_Track.ubulk" 69
"../../../Engine/Content/EditorMeshes/Camera/SM_RailRig_Track.uasset" 70
"../../../Engine/Content/EditorMeshes/Camera/SM_RailRig_Track.uexp" 71
"../../../Engine/Content/EditorMeshes/Camera/SM_RailRig_Mount.ubulk" 72
"../../../Engine/Content/EditorMeshes/Camera/SM_RailRig_Mount.uasset" 73
"../../../Engine/Content/EditorMeshes/Camera/SM_RailRig_Mount.uexp" 74
"../../../Engine/Content/EngineMaterials/T_Default_Material_Grid_M.ubulk" 75
"../../../Engine/Content/EngineMaterials/T_Default_Material_Grid_M.uasset" 76
"../../../Engine/Content/EngineMaterials/T_Default_Material_Grid_M.uexp" 77
"../../../Engine/Content/EngineMaterials/T_Default_Material_Grid_N.ubulk" 78
"../../../Engine/Content/EngineMaterials/T_Default_Material_Grid_N.uasset" 79
"../../../Engine/Content/EngineMaterials/T_Default_Material_Grid_N.uexp" 80
"../../../Engine/Content/Functions/Engine_MaterialFunctions01/Opacity/CameraDepthFade.uasset" 81
"../../../Engine/Content/Functions/Engine_MaterialFunctions01/Opacity/CameraDepthFade.uexp" 82
"../../../Engine/Content/EngineMaterials/WorldGridMaterial.uasset" 83
"../../../Engine/Content/EngineMaterials/WorldGridMaterial.uexp" 84
"../../../Engine/Content/ArtTools/RenderToTexture/Meshes/S_1_Unit_Plane.ubulk" 85
"../../../Engine/Content/ArtTools/RenderToTexture/Meshes/S_1_Unit_Plane.uasset" 86
"../../../Engine/Content/ArtTools/RenderToTexture/Meshes/S_1_Unit_Plane.uexp" 87
"../../../Engine/Content/EditorMaterials/ParticleSystems/PSysThumbnail_NoImage.ubulk" 88
"../../../Engine/Content/EditorMaterials/ParticleSystems/PSysThumbnail_NoImage.uasset" 89
"../../../Engine/Content/EditorMaterials/ParticleSystems/PSysThumbnail_NoImage.uexp" 90
"../../../Engine/Content/EditorMaterials/ParticleSystems/PSysThumbnail_OOD.ubulk" 91
"../../../Engine/Content/EditorMaterials/ParticleSystems/PSysThumbnail_OOD.uasset" 92
"../../../Engine/Content/EditorMaterials/ParticleSystems/PSysThumbnail_OOD.uexp" 93
"../../../Engine/Content/EditorLandscapeResources/SplineEditorMeshMat.uasset" 94
"../../../Engine/Content/EditorLandscapeResources/SplineEditorMeshMat.uexp" 95
"../../../Engine/Content/EditorLandscapeResources/SplineEditorMesh.ubulk" 96
"../../../Engine/Content/EditorLandscapeResources/SplineEditorMesh.uasset" 97
"../../../Engine/Content/EditorLandscapeResources/SplineEditorMesh.uexp" 98
"../../../Engine/Content/EditorMeshes/EditorSphere.ubulk" 99
"../../../Engine/Content/EditorMeshes/EditorSphere.uasset" 100
"../../../Engine/Content/EditorMeshes/EditorSphere.uexp" 101
"../../../Engine/Content/EditorResources/S_Solver.ubulk" 102
"../../../Engine/Content/EditorResources/S_Solver.uasset" 103
"../../../Engine/Content/EditorResources/S_Solver.uexp" 104
"../../../Engine/Plugins/Media/MediaPlate/Content/SM_MediaPlateScreen.ubulk" 105
"../../../Engine/Plugins/Media/MediaPlate/Content/SM_MediaPlateScreen.uasset" 106
"../../../Engine/Plugins/Media/MediaPlate/Content/SM_MediaPlateScreen.uexp" 107
"../../../Engine/Content/EngineMaterials/Good64x64TilingNoiseHighFreq.uasset" 108
"../../../Engine/Content/EngineMaterials/Good64x64TilingNoiseHighFreq.uexp" 109
"../../../Engine/Content/EngineMaterials/DefaultBokeh.uasset" 110
"../../../Engine/Content/EngineMaterials/DefaultBokeh.uexp" 111
"../../../Engine/Content/EngineMaterials/PreintegratedSkinBRDF.uasset" 112
"../../../Engine/Content/EngineMaterials/PreintegratedSkinBRDF.uexp" 113
"../../../Engine/Content/EngineMaterials/MiniFont.uasset" 114
"../../../Engine/Content/EngineMaterials/MiniFont.uexp" 115
"../../../Engine/Content/EngineMaterials/WeightMapPlaceholderTexture.uasset" 116
"../../../Engine/Content/EngineMaterials/WeightMapPlaceholderTexture.uexp" 117
"../../../Engine/Content/EngineMaterials/DefaultWhiteGrid.ubulk" 118
"../../../Engine/Content/EngineMaterials/DefaultWhiteGrid.uasset" 119
"../../../Engine/Content/EngineMaterials/DefaultWhiteGrid.uexp" 120
"D:/Documentos/UE Proyects/PhysicGame/Content/Characters/Input/IA_Move.uasset" 121
"D:/Documentos/UE Proyects/PhysicGame/Content/Characters/Input/IA_Move.uexp" 122
"D:/Documentos/UE Proyects/PhysicGame/Content/Characters/Input/IMC_TopDown.uasset" 123
"D:/Documentos/UE Proyects/PhysicGame/Content/Characters/Input/IMC_TopDown.uexp" 124
"../../../Engine/Plugins/2D/Paper2D/Content/PlaceholderTextures/DummySpriteTexture.ubulk" 125
"../../../Engine/Plugins/2D/Paper2D/Content/PlaceholderTextures/DummySpriteTexture.uasset" 126
"../../../Engine/Plugins/2D/Paper2D/Content/PlaceholderTextures/DummySpriteTexture.uexp" 127
"../../../Engine/Plugins/2D/Paper2D/Content/PlaceholderTextures/FlatNormalMap.uasset" 128
"../../../Engine/Plugins/2D/Paper2D/Content/PlaceholderTextures/FlatNormalMap.uexp" 129
"../../../Engine/Plugins/2D/Paper2D/Content/DefaultLitSpriteMaterial.uasset" 130
"../../../Engine/Plugins/2D/Paper2D/Content/DefaultLitSpriteMaterial.uexp" 131
"../../../Engine/Plugins/2D/Paper2D/Content/MaskedLitSpriteMaterial.uasset" 132
"../../../Engine/Plugins/2D/Paper2D/Content/MaskedLitSpriteMaterial.uexp" 133
"D:/Documentos/UE Proyects/PhysicGame/Content/Characters/AS_TopDownChar.uasset" 134
"D:/Documentos/UE Proyects/PhysicGame/Content/Characters/AS_TopDownChar.uexp" 135
"D:/Documentos/UE Proyects/PhysicGame/Content/Characters/Sprites/T_Red.uasset" 136
"D:/Documentos/UE Proyects/PhysicGame/Content/Characters/Sprites/T_Red.uexp" 137
"D:/Documentos/UE Proyects/PhysicGame/Content/Characters/Sprites/Right/T_Red_Sprite_74.uasset" 138
"D:/Documentos/UE Proyects/PhysicGame/Content/Characters/Sprites/Right/T_Red_Sprite_74.uexp" 139
"D:/Documentos/UE Proyects/PhysicGame/Content/Characters/Sprites/Right/T_Red_Sprite_90.uasset" 140
"D:/Documentos/UE Proyects/PhysicGame/Content/Characters/Sprites/Right/T_Red_Sprite_90.uexp" 141
"D:/Documentos/UE Proyects/PhysicGame/Content/Characters/Sprites/Right/FB_Red_Walk_Right.uasset" 142
"D:/Documentos/UE Proyects/PhysicGame/Content/Characters/Sprites/Right/FB_Red_Walk_Right.uexp" 143
"D:/Documentos/UE Proyects/PhysicGame/Content/Characters/Sprites/Left/T_Red_Sprite_78.uasset" 144
"D:/Documentos/UE Proyects/PhysicGame/Content/Characters/Sprites/Left/T_Red_Sprite_78.uexp" 145
"D:/Documentos/UE Proyects/PhysicGame/Content/Characters/Sprites/Left/T_Red_Sprite_94.uasset" 146
"D:/Documentos/UE Proyects/PhysicGame/Content/Characters/Sprites/Left/T_Red_Sprite_94.uexp" 147
"D:/Documentos/UE Proyects/PhysicGame/Content/Characters/Sprites/Left/FB_Red_Walk_Left.uasset" 148
"D:/Documentos/UE Proyects/PhysicGame/Content/Characters/Sprites/Left/FB_Red_Walk_Left.uexp" 149
"D:/Documentos/UE Proyects/PhysicGame/Content/Characters/Sprites/DownRight/T_Red_Sprite_75.uasset" 150
"D:/Documentos/UE Proyects/PhysicGame/Content/Characters/Sprites/DownRight/T_Red_Sprite_75.uexp" 151
"D:/Documentos/UE Proyects/PhysicGame/Content/Characters/Sprites/DownRight/T_Red_Sprite_91.uasset" 152
"D:/Documentos/UE Proyects/PhysicGame/Content/Characters/Sprites/DownRight/T_Red_Sprite_91.uexp" 153
"D:/Documentos/UE Proyects/PhysicGame/Content/Characters/Sprites/DownRight/FB_Red_Walk_DownRight.uasset" 154
"D:/Documentos/UE Proyects/PhysicGame/Content/Characters/Sprites/DownRight/FB_Red_Walk_DownRight.uexp" 155
"D:/Documentos/UE Proyects/PhysicGame/Content/Characters/Sprites/DownLeft/T_Red_Sprite_77.uasset" 156
"D:/Documentos/UE Proyects/PhysicGame/Content/Characters/Sprites/DownLeft/T_Red_Sprite_77.uexp" 157
"D:/Documentos/UE Proyects/PhysicGame/Content/Characters/Sprites/DownLeft/T_Red_Sprite_93.uasset" 158
"D:/Documentos/UE Proyects/PhysicGame/Content/Characters/Sprites/DownLeft/T_Red_Sprite_93.uexp" 159
"D:/Documentos/UE Proyects/PhysicGame/Content/Characters/Sprites/DownLeft/FB_Red_Walk_DownLeft.uasset" 160
"D:/Documentos/UE Proyects/PhysicGame/Content/Characters/Sprites/DownLeft/FB_Red_Walk_DownLeft.uexp" 161
"D:/Documentos/UE Proyects/PhysicGame/Content/Characters/Sprites/Down/T_Red_Sprite_76.uasset" 162
"D:/Documentos/UE Proyects/PhysicGame/Content/Characters/Sprites/Down/T_Red_Sprite_76.uexp" 163
"D:/Documentos/UE Proyects/PhysicGame/Content/Characters/Sprites/Down/T_Red_Sprite_92.uasset" 164
"D:/Documentos/UE Proyects/PhysicGame/Content/Characters/Sprites/Down/T_Red_Sprite_92.uexp" 165
"D:/Documentos/UE Proyects/PhysicGame/Content/Characters/Sprites/Down/FB_Red_Walk_Down.uasset" 166
"D:/Documentos/UE Proyects/PhysicGame/Content/Characters/Sprites/Down/FB_Red_Walk_Down.uexp" 167
"D:/Documentos/UE Proyects/PhysicGame/Content/Characters/Sprites/UpRight/T_Red_Sprite_73.uasset" 168
"D:/Documentos/UE Proyects/PhysicGame/Content/Characters/Sprites/UpRight/T_Red_Sprite_73.uexp" 169
"D:/Documentos/UE Proyects/PhysicGame/Content/Characters/Sprites/UpRight/T_Red_Sprite_89.uasset" 170
"D:/Documentos/UE Proyects/PhysicGame/Content/Characters/Sprites/UpRight/T_Red_Sprite_89.uexp" 171
"D:/Documentos/UE Proyects/PhysicGame/Content/Characters/Sprites/UpRight/FB_Red_Walk_UpRight.uasset" 172
"D:/Documentos/UE Proyects/PhysicGame/Content/Characters/Sprites/UpRight/FB_Red_Walk_UpRight.uexp" 173
"D:/Documentos/UE Proyects/PhysicGame/Content/Characters/Sprites/UpLeft/T_Red_Sprite_79.uasset" 174
"D:/Documentos/UE Proyects/PhysicGame/Content/Characters/Sprites/UpLeft/T_Red_Sprite_79.uexp" 175
"D:/Documentos/UE Proyects/PhysicGame/Content/Characters/Sprites/UpLeft/T_Red_Sprite_95.uasset" 176
"D:/Documentos/UE Proyects/PhysicGame/Content/Characters/Sprites/UpLeft/T_Red_Sprite_95.uexp" 177
"D:/Documentos/UE Proyects/PhysicGame/Content/Characters/Sprites/UpLeft/FB_Red_Walk_UpLeft.uasset" 178
"D:/Documentos/UE Proyects/PhysicGame/Content/Characters/Sprites/UpLeft/FB_Red_Walk_UpLeft.uexp" 179
"D:/Documentos/UE Proyects/PhysicGame/Content/Characters/Sprites/UP/T_Red_Sprite_72.uasset" 180
"D:/Documentos/UE Proyects/PhysicGame/Content/Characters/Sprites/UP/T_Red_Sprite_72.uexp" 181
"D:/Documentos/UE Proyects/PhysicGame/Content/Characters/Sprites/UP/T_Red_Sprite_88.uasset" 182
"D:/Documentos/UE Proyects/PhysicGame/Content/Characters/Sprites/UP/T_Red_Sprite_88.uexp" 183
"D:/Documentos/UE Proyects/PhysicGame/Content/Characters/Sprites/UP/FB_Red_Walk_Up.uasset" 184
"D:/Documentos/UE Proyects/PhysicGame/Content/Characters/Sprites/UP/FB_Red_Walk_Up.uexp" 185
"D:/Documentos/UE Proyects/PhysicGame/Content/Characters/AnimSequences/Walk.uasset" 186
"D:/Documentos/UE Proyects/PhysicGame/Content/Characters/AnimSequences/Walk.uexp" 187
"D:/Documentos/UE Proyects/PhysicGame/Content/Characters/Sprites/Right/T_Red_Sprite_82.uasset" 188
"D:/Documentos/UE Proyects/PhysicGame/Content/Characters/Sprites/Right/T_Red_Sprite_82.uexp" 189
"D:/Documentos/UE Proyects/PhysicGame/Content/Characters/Sprites/Right/FB_Red_idle_Right.uasset" 190
"D:/Documentos/UE Proyects/PhysicGame/Content/Characters/Sprites/Right/FB_Red_idle_Right.uexp" 191
"D:/Documentos/UE Proyects/PhysicGame/Content/Characters/Sprites/Left/T_Red_Sprite_86.uasset" 192
"D:/Documentos/UE Proyects/PhysicGame/Content/Characters/Sprites/Left/T_Red_Sprite_86.uexp" 193
"D:/Documentos/UE Proyects/PhysicGame/Content/Characters/Sprites/Left/FB_Red_idle_Left.uasset" 194
"D:/Documentos/UE Proyects/PhysicGame/Content/Characters/Sprites/Left/FB_Red_idle_Left.uexp" 195
"D:/Documentos/UE Proyects/PhysicGame/Content/Characters/Sprites/DownRight/T_Red_Sprite_83.uasset" 196
"D:/Documentos/UE Proyects/PhysicGame/Content/Characters/Sprites/DownRight/T_Red_Sprite_83.uexp" 197
"D:/Documentos/UE Proyects/PhysicGame/Content/Characters/Sprites/DownRight/FB_Red_idle_DownRight.uasset" 198
"D:/Documentos/UE Proyects/PhysicGame/Content/Characters/Sprites/DownRight/FB_Red_idle_DownRight.uexp" 199
"D:/Documentos/UE Proyects/PhysicGame/Content/Characters/Sprites/DownLeft/T_Red_Sprite_85.uasset" 200
"D:/Documentos/UE Proyects/PhysicGame/Content/Characters/Sprites/DownLeft/T_Red_Sprite_85.uexp" 201
"D:/Documentos/UE Proyects/PhysicGame/Content/Characters/Sprites/DownLeft/FB_Red_idle_DownLeft.uasset" 202
"D:/Documentos/UE Proyects/PhysicGame/Content/Characters/Sprites/DownLeft/FB_Red_idle_DownLeft.uexp" 203
"D:/Documentos/UE Proyects/PhysicGame/Content/Characters/Sprites/Down/T_Red_Sprite_84.uasset" 204
"D:/Documentos/UE Proyects/PhysicGame/Content/Characters/Sprites/Down/T_Red_Sprite_84.uexp" 205
"D:/Documentos/UE Proyects/PhysicGame/Content/Characters/Sprites/Down/FB_Red_idle_Down.uasset" 206
"D:/Documentos/UE Proyects/PhysicGame/Content/Characters/Sprites/Down/FB_Red_idle_Down.uexp" 207
"D:/Documentos/UE Proyects/PhysicGame/Content/Characters/Sprites/UpRight/T_Red_Sprite_81.uasset" 208
"D:/Documentos/UE Proyects/PhysicGame/Content/Characters/Sprites/UpRight/T_Red_Sprite_81.uexp" 209
"D:/Documentos/UE Proyects/PhysicGame/Content/Characters/Sprites/UpRight/FB_Red_idle_UpRight.uasset" 210
"D:/Documentos/UE Proyects/PhysicGame/Content/Characters/Sprites/UpRight/FB_Red_idle_UpRight.uexp" 211
"D:/Documentos/UE Proyects/PhysicGame/Content/Characters/Sprites/UpLeft/T_Red_Sprite_87.uasset" 212
"D:/Documentos/UE Proyects/PhysicGame/Content/Characters/Sprites/UpLeft/T_Red_Sprite_87.uexp" 213
"D:/Documentos/UE Proyects/PhysicGame/Content/Characters/Sprites/UpLeft/FB_Red_idle_UpLeft.uasset" 214
"D:/Documentos/UE Proyects/PhysicGame/Content/Characters/Sprites/UpLeft/FB_Red_idle_UpLeft.uexp" 215
"D:/Documentos/UE Proyects/PhysicGame/Content/Characters/Sprites/UP/T_Red_Sprite_80.uasset" 216
"D:/Documentos/UE Proyects/PhysicGame/Content/Characters/Sprites/UP/T_Red_Sprite_80.uexp" 217
"D:/Documentos/UE Proyects/PhysicGame/Content/Characters/Sprites/UP/FB_Red_idle_Up.uasset" 218
"D:/Documentos/UE Proyects/PhysicGame/Content/Characters/Sprites/UP/FB_Red_idle_Up.uexp" 219
"D:/Documentos/UE Proyects/PhysicGame/Content/Characters/AnimSequences/idle.uasset" 220
"D:/Documentos/UE Proyects/PhysicGame/Content/Characters/AnimSequences/idle.uexp" 221
"D:/Documentos/UE Proyects/PhysicGame/Content/Characters/ABP_TopDownChar.uasset" 222
"D:/Documentos/UE Proyects/PhysicGame/Content/Characters/ABP_TopDownChar.uexp" 223
"D:/Documentos/UE Proyects/PhysicGame/Content/Characters/BP_TopDownCharacter.uasset" 224
"D:/Documentos/UE Proyects/PhysicGame/Content/Characters/BP_TopDownCharacter.uexp" 225
"D:/Documentos/UE Proyects/PhysicGame/Content/GM_Base.uasset" 226
"D:/Documentos/UE Proyects/PhysicGame/Content/GM_Base.uexp" 227
"../../../Engine/Content/Animation/DefaultRecorderBoneCompression.uasset" 228
"../../../Engine/Content/Animation/DefaultRecorderBoneCompression.uexp" 229
"../../../Engine/Content/Animation/DefaultAnimCurveCompressionSettings.uasset" 230
"../../../Engine/Content/Animation/DefaultAnimCurveCompressionSettings.uexp" 231
"../../../Engine/Content/Animation/DefaultAnimBoneCompressionSettings.uasset" 232
"../../../Engine/Content/Animation/DefaultAnimBoneCompressionSettings.uexp" 233
"../../../Engine/Plugins/Interchange/Runtime/Content/Pipelines/DefaultTexturePipeline.uasset" 234
"../../../Engine/Plugins/Interchange/Runtime/Content/Pipelines/DefaultTexturePipeline.uexp" 235
"../../../Engine/Content/EngineMaterials/DefaultMaterial.uasset" 236
"../../../Engine/Content/EngineMaterials/DefaultMaterial.uexp" 237
"../../../Engine/Content/BasicShapes/Sphere.ubulk" 238
"../../../Engine/Content/BasicShapes/Sphere.uasset" 239
"../../../Engine/Content/BasicShapes/Sphere.uexp" 240
"../../../Engine/Content/BasicShapes/Plane.ubulk" 241
"../../../Engine/Content/BasicShapes/Plane.uasset" 242
"../../../Engine/Content/BasicShapes/Plane.uexp" 243
"../../../Engine/Content/BasicShapes/Cylinder.ubulk" 244
"../../../Engine/Content/BasicShapes/Cylinder.uasset" 245
"../../../Engine/Content/BasicShapes/Cylinder.uexp" 246
"../../../Engine/Content/BasicShapes/Cube.ubulk" 247
"../../../Engine/Content/BasicShapes/Cube.uasset" 248
"../../../Engine/Content/BasicShapes/Cube.uexp" 249
"../../../Engine/Content/BasicShapes/Cone.ubulk" 250
"../../../Engine/Content/BasicShapes/Cone.uasset" 251
"../../../Engine/Content/BasicShapes/Cone.uexp" 252
"../../../Engine/Content/EditorLandscapeResources/DefaultAlphaTexture.uasset" 253
"../../../Engine/Content/EditorLandscapeResources/DefaultAlphaTexture.uexp" 254
"../../../Engine/Content/EditorLandscapeResources/DataLayer.uasset" 255
"../../../Engine/Content/EditorLandscapeResources/DataLayer.uexp" 256
"../../../Engine/Content/EditorMaterials/PreviewShadowIndicator.ubulk" 257
"../../../Engine/Content/EditorMaterials/PreviewShadowIndicator.uasset" 258
"../../../Engine/Content/EditorMaterials/PreviewShadowIndicator.uexp" 259
"../../../Engine/Content/EditorMaterials/PreviewShadowIndicatorMaterial.uasset" 260
"../../../Engine/Content/EditorMaterials/PreviewShadowIndicatorMaterial.uexp" 261
"../../../Engine/Content/EditorMaterials/PhAT_UnselectedMaterial.uasset" 262
"../../../Engine/Content/EditorMaterials/PhAT_UnselectedMaterial.uexp" 263
"../../../Engine/Content/EditorMaterials/PhAT_NoCollisionMaterial.uasset" 264
"../../../Engine/Content/EditorMaterials/PhAT_NoCollisionMaterial.uexp" 265
"../../../Engine/Content/Functions/Engine_MaterialFunctions02/Utility/MakeFloat4.uasset" 266
"../../../Engine/Content/Functions/Engine_MaterialFunctions02/Utility/MakeFloat4.uexp" 267
"../../../Engine/Content/Functions/Engine_MaterialFunctions02/Utility/MakeFloat3.uasset" 268
"../../../Engine/Content/Functions/Engine_MaterialFunctions02/Utility/MakeFloat3.uexp" 269
"../../../Engine/Content/Functions/Engine_MaterialFunctions02/Utility/BreakOutFloat3Components.uasset" 270
"../../../Engine/Content/Functions/Engine_MaterialFunctions02/Utility/BreakOutFloat3Components.uexp" 271
"../../../Engine/Content/EditorMaterials/WorldPartition/WorldPartitionSpatialHashGridPreviewMaterial.uasset" 272
"../../../Engine/Content/EditorMaterials/WorldPartition/WorldPartitionSpatialHashGridPreviewMaterial.uexp" 273
"../../../Engine/Content/EditorResources/S_Terrain.ubulk" 274
"../../../Engine/Content/EditorResources/S_Terrain.uasset" 275
"../../../Engine/Content/EditorResources/S_Terrain.uexp" 276
"../../../Engine/Content/EditorResources/EmptyActor.uasset" 277
"../../../Engine/Content/EditorResources/EmptyActor.uexp" 278
"../../../Engine/Content/EditorResources/BSPVertex.uasset" 279
"../../../Engine/Content/EditorResources/BSPVertex.uexp" 280
"../../../Engine/Content/EditorResources/SequenceRecorder/RecordingIndicator.uasset" 281
"../../../Engine/Content/EditorResources/SequenceRecorder/RecordingIndicator.uexp" 282
"../../../Engine/Content/EditorResources/SequenceRecorder/Countdown.uasset" 283
"../../../Engine/Content/EditorResources/SequenceRecorder/Countdown.uexp" 284
"../../../Engine/Content/EngineDamageTypes/DmgTypeBP_Environmental.uasset" 285
"../../../Engine/Content/EngineDamageTypes/DmgTypeBP_Environmental.uexp" 286
"../../../Engine/Plugins/Interchange/Runtime/Content/Pipelines/DefaultAssetsPipeline.uasset" 287
"../../../Engine/Plugins/Interchange/Runtime/Content/Pipelines/DefaultAssetsPipeline.uexp" 288
"../../../Engine/Content/Functions/Engine_MaterialFunctions02/Utility/CameraDirectionVector.uasset" 289
"../../../Engine/Content/Functions/Engine_MaterialFunctions02/Utility/CameraDirectionVector.uexp" 290
"../../../Engine/Content/EngineDebugMaterials/VolumeToRender.uasset" 291
"../../../Engine/Content/EngineDebugMaterials/VolumeToRender.uexp" 292
"../../../Engine/Content/EngineDebugMaterials/M_VolumeRenderSphereTracePP.uasset" 293
"../../../Engine/Content/EngineDebugMaterials/M_VolumeRenderSphereTracePP.uexp" 294
"../../../Engine/Content/EngineDebugMaterials/M_SimpleUnlitTranslucent.uasset" 295
"../../../Engine/Content/EngineDebugMaterials/M_SimpleUnlitTranslucent.uexp" 296
"../../../Engine/Content/EngineDebugMaterials/DebugMeshMaterial.uasset" 297
"../../../Engine/Content/EngineDebugMaterials/DebugMeshMaterial.uexp" 298
"../../../Engine/Content/EngineDebugMaterials/DebugEditorMaterial.uasset" 299
"../../../Engine/Content/EngineDebugMaterials/DebugEditorMaterial.uexp" 300
"../../../Engine/Content/EngineFonts/Faces/RobotoLight.uexp" 301
"../../../Engine/Content/EngineFonts/Faces/RobotoLight.uasset" 302
"../../../Engine/Content/EngineFonts/Faces/RobotoLight.ufont" 303
"../../../Engine/Content/EngineFonts/Faces/RobotoBold.uexp" 304
"../../../Engine/Content/EngineFonts/Faces/RobotoBold.uasset" 305
"../../../Engine/Content/EngineFonts/Faces/RobotoBold.ufont" 306
"../../../Engine/Content/EngineFonts/Faces/RobotoRegular.uexp" 307
"../../../Engine/Content/EngineFonts/Faces/RobotoRegular.uasset" 308
"../../../Engine/Content/EngineFonts/Faces/RobotoRegular.ufont" 309
"../../../Engine/Content/EngineFonts/Faces/DroidSansFallback.uexp" 310
"../../../Engine/Content/EngineFonts/Faces/DroidSansFallback.uasset" 311
"../../../Engine/Content/EngineFonts/Faces/DroidSansFallback.ufont" 312
"../../../Engine/Content/EngineFonts/Faces/RobotoItalic.uexp" 313
"../../../Engine/Content/EngineFonts/Faces/RobotoItalic.uasset" 314
"../../../Engine/Content/EngineFonts/Faces/RobotoItalic.ufont" 315
"../../../Engine/Content/EngineFonts/Faces/RobotoBoldItalic.uexp" 316
"../../../Engine/Content/EngineFonts/Faces/RobotoBoldItalic.uasset" 317
"../../../Engine/Content/EngineFonts/Faces/RobotoBoldItalic.ufont" 318
"../../../Engine/Content/EngineFonts/Roboto.uasset" 319
"../../../Engine/Content/EngineFonts/Roboto.uexp" 320
"../../../Engine/Content/EngineResources/WhiteSquareTexture.uasset" 321
"../../../Engine/Content/EngineResources/WhiteSquareTexture.uexp" 322
"../../../Engine/Content/EngineMaterials/Widget3DPassThrough.uasset" 323
"../../../Engine/Content/EngineMaterials/Widget3DPassThrough.uexp" 324
"../../../Engine/Content/EngineMaterials/Widget3DPassThrough_Translucent.uasset" 325
"../../../Engine/Content/EngineMaterials/Widget3DPassThrough_Translucent.uexp" 326
"../../../Engine/Content/EngineMaterials/Widget3DPassThrough_Translucent_OneSided.uasset" 327
"../../../Engine/Content/EngineMaterials/Widget3DPassThrough_Translucent_OneSided.uexp" 328
"../../../Engine/Content/EngineMaterials/Widget3DPassThrough_Opaque.uasset" 329
"../../../Engine/Content/EngineMaterials/Widget3DPassThrough_Opaque.uexp" 330
"../../../Engine/Content/EngineMaterials/Widget3DPassThrough_Opaque_OneSided.uasset" 331
"../../../Engine/Content/EngineMaterials/Widget3DPassThrough_Opaque_OneSided.uexp" 332
"../../../Engine/Content/EngineMaterials/Widget3DPassThrough_Masked_OneSided.uasset" 333
"../../../Engine/Content/EngineMaterials/Widget3DPassThrough_Masked_OneSided.uexp" 334
"../../../Engine/Content/EngineMaterials/Widget3DPassThrough_Masked.uasset" 335
"../../../Engine/Content/EngineMaterials/Widget3DPassThrough_Masked.uexp" 336
"../../../Engine/Plugins/Runtime/MeshModelingToolset/Content/Materials/M_DynamicMeshComponentVtxColor.uasset" 337
"../../../Engine/Plugins/Runtime/MeshModelingToolset/Content/Materials/M_DynamicMeshComponentVtxColor.uexp" 338
"../../../Engine/Content/EngineMaterials/STBlueNoise_vec2_128x128x64.uasset" 339
"../../../Engine/Content/EngineMaterials/STBlueNoise_vec2_128x128x64.uexp" 340
"../../../Engine/Content/EngineMaterials/STBlueNoise_scalar_128x128x64.uasset" 341
"../../../Engine/Content/EngineMaterials/STBlueNoise_scalar_128x128x64.uexp" 342
"../../../Engine/Content/EngineMaterials/RemoveSurfaceMaterial.uasset" 343
"../../../Engine/Content/EngineMaterials/RemoveSurfaceMaterial.uexp" 344
"../../../Engine/Plugins/Interchange/Runtime/Content/gltf/Textures/T_Gray_Linear.uasset" 345
"../../../Engine/Plugins/Interchange/Runtime/Content/gltf/Textures/T_Gray_Linear.uexp" 346
"../../../Engine/Content/EngineMaterials/DefaultCalibrationGrayscale.uasset" 347
"../../../Engine/Content/EngineMaterials/DefaultCalibrationGrayscale.uexp" 348
"../../../Engine/Content/EngineMaterials/PPM_DefaultCalibrationGrayscale.uasset" 349
"../../../Engine/Content/EngineMaterials/PPM_DefaultCalibrationGrayscale.uexp" 350
"../../../Engine/Content/EngineMaterials/DefaultCalibrationColor.uasset" 351
"../../../Engine/Content/EngineMaterials/DefaultCalibrationColor.uexp" 352
"../../../Engine/Content/EngineMaterials/PPM_DefaultCalibrationColor.uasset" 353
"../../../Engine/Content/EngineMaterials/PPM_DefaultCalibrationColor.uexp" 354
"../../../Engine/Content/Functions/Engine_MaterialFunctions02/WorldPositionOffset/CameraOffset.uasset" 355
"../../../Engine/Content/Functions/Engine_MaterialFunctions02/WorldPositionOffset/CameraOffset.uexp" 356
"../../../Engine/Content/EngineMaterials/PhAT_JointLimitMaterial.uasset" 357
"../../../Engine/Content/EngineMaterials/PhAT_JointLimitMaterial.uexp" 358
"../../../Engine/Content/EngineMaterials/InvalidLightmapSettings.ubulk" 359
"../../../Engine/Content/EngineMaterials/InvalidLightmapSettings.uasset" 360
"../../../Engine/Content/EngineMaterials/InvalidLightmapSettings.uexp" 361
"../../../Engine/Content/EngineMaterials/M_InvalidLightmapSettings.uasset" 362
"../../../Engine/Content/EngineMaterials/M_InvalidLightmapSettings.uexp" 363
"../../../Engine/Plugins/Interchange/Runtime/Content/gltf/Textures/T_Black_srgb.uasset" 364
"../../../Engine/Plugins/Interchange/Runtime/Content/gltf/Textures/T_Black_srgb.uexp" 365
"../../../Engine/Content/EngineMaterials/GizmoMaterial.uasset" 366
"../../../Engine/Content/EngineMaterials/GizmoMaterial.uexp" 367
"../../../Engine/Content/EngineMaterials/BaseFlattenEmissiveMap_VT.uasset" 368
"../../../Engine/Content/EngineMaterials/BaseFlattenEmissiveMap_VT.uexp" 369
"../../../Engine/Content/EngineMaterials/BaseFlattenGrayscaleMap_VT.uasset" 370
"../../../Engine/Content/EngineMaterials/BaseFlattenGrayscaleMap_VT.uexp" 371
"../../../Engine/Content/EngineMaterials/BaseFlattenLinearColor_VT.uasset" 372
"../../../Engine/Content/EngineMaterials/BaseFlattenLinearColor_VT.uexp" 373
"../../../Engine/Content/EngineMaterials/Black_1x1_EXR_Texture_VT.uasset" 374
"../../../Engine/Content/EngineMaterials/Black_1x1_EXR_Texture_VT.uexp" 375
"../../../Engine/Content/EngineMaterials/BaseFlattenDiffuseMap_VT.uasset" 376
"../../../Engine/Content/EngineMaterials/BaseFlattenDiffuseMap_VT.uexp" 377
"../../../Engine/Content/EngineMaterials/BaseFlattenNormalMap_VT.uasset" 378
"../../../Engine/Content/EngineMaterials/BaseFlattenNormalMap_VT.uexp" 379
"../../../Engine/Content/EngineMaterials/FlattenMaterial_WS_Normal_VT.uasset" 380
"../../../Engine/Content/EngineMaterials/FlattenMaterial_WS_Normal_VT.uexp" 381
"../../../Engine/Content/EngineMaterials/FlattenMaterial_VT.uasset" 382
"../../../Engine/Content/EngineMaterials/FlattenMaterial_VT.uexp" 383
"../../../Engine/Content/EngineMaterials/BaseFlattenNormalMap.uasset" 384
"../../../Engine/Content/EngineMaterials/BaseFlattenNormalMap.uexp" 385
"../../../Engine/Content/EngineMaterials/BaseFlattenGrayscaleMap.uasset" 386
"../../../Engine/Content/EngineMaterials/BaseFlattenGrayscaleMap.uexp" 387
"../../../Engine/Content/EngineMaterials/BaseFlattenDiffuseMap.uasset" 388
"../../../Engine/Content/EngineMaterials/BaseFlattenDiffuseMap.uexp" 389
"../../../Engine/Content/Functions/Engine_MaterialFunctions02/PivotPainter2/Black_1x1_EXR_Texture.uasset" 390
"../../../Engine/Content/Functions/Engine_MaterialFunctions02/PivotPainter2/Black_1x1_EXR_Texture.uexp" 391
"../../../Engine/Content/EngineMaterials/BaseFlattenEmissiveMap.uasset" 392
"../../../Engine/Content/EngineMaterials/BaseFlattenEmissiveMap.uexp" 393
"../../../Engine/Content/EngineMaterials/BaseFlattenLinearColor.uasset" 394
"../../../Engine/Content/EngineMaterials/BaseFlattenLinearColor.uexp" 395
"../../../Engine/Content/EngineMaterials/FlattenMaterial.uasset" 396
"../../../Engine/Content/EngineMaterials/FlattenMaterial.uexp" 397
"../../../Engine/Content/EngineMaterials/DefaultWhiteGrid_Low.uasset" 398
"../../../Engine/Content/EngineMaterials/DefaultWhiteGrid_Low.uexp" 399
"../../../Engine/Content/EngineMaterials/EmissiveMeshMaterial.uasset" 400
"../../../Engine/Content/EngineMaterials/EmissiveMeshMaterial.uexp" 401
"../../../Engine/Plugins/Interchange/Runtime/Content/Materials/MapOrLinearColorFunction.uasset" 402
"../../../Engine/Plugins/Interchange/Runtime/Content/Materials/MapOrLinearColorFunction.uexp" 403
"../../../Engine/Content/EngineMaterials/DefaultNormal.ubulk" 404
"../../../Engine/Content/EngineMaterials/DefaultNormal.uasset" 405
"../../../Engine/Content/EngineMaterials/DefaultNormal.uexp" 406
"../../../Engine/Plugins/Interchange/Runtime/Content/Materials/MapOrScalarFunction.uasset" 407
"../../../Engine/Plugins/Interchange/Runtime/Content/Materials/MapOrScalarFunction.uexp" 408
"../../../Engine/Plugins/Interchange/Runtime/Content/Materials/MapOrColorFunction.uasset" 409
"../../../Engine/Plugins/Interchange/Runtime/Content/Materials/MapOrColorFunction.uexp" 410
"../../../Engine/Plugins/Interchange/Runtime/Content/Materials/CommonMaterial.uasset" 411
"../../../Engine/Plugins/Interchange/Runtime/Content/Materials/CommonMaterial.uexp" 412
"../../../Engine/Plugins/Interchange/Runtime/Content/Materials/PBRSurfaceFunction.uasset" 413
"../../../Engine/Plugins/Interchange/Runtime/Content/Materials/PBRSurfaceFunction.uexp" 414
"../../../Engine/Plugins/Interchange/Runtime/Content/Materials/ClearCoatMaterial.uasset" 415
"../../../Engine/Plugins/Interchange/Runtime/Content/Materials/ClearCoatMaterial.uexp" 416
"../../../Engine/Plugins/Interchange/Runtime/Content/gltf/MaterialFunctions/MF_RotateV2.uasset" 417
"../../../Engine/Plugins/Interchange/Runtime/Content/gltf/MaterialFunctions/MF_RotateV2.uexp" 418
"../../../Engine/Plugins/Interchange/Runtime/Content/gltf/MaterialFunctions/MF_TransformUVs.uasset" 419
"../../../Engine/Plugins/Interchange/Runtime/Content/gltf/MaterialFunctions/MF_TransformUVs.uexp" 420
"../../../Engine/Plugins/Interchange/Runtime/Content/gltf/Textures/T_White_srgb.uasset" 421
"../../../Engine/Plugins/Interchange/Runtime/Content/gltf/Textures/T_White_srgb.uexp" 422
"../../../Engine/Plugins/Interchange/Runtime/Content/gltf/MaterialFunctions/MF_BaseColor.uasset" 423
"../../../Engine/Plugins/Interchange/Runtime/Content/gltf/MaterialFunctions/MF_BaseColor.uexp" 424
"../../../Engine/Plugins/Interchange/Runtime/Content/gltf/MaterialFunctions/MF_DiffuseSpecGloss.uasset" 425
"../../../Engine/Plugins/Interchange/Runtime/Content/gltf/MaterialFunctions/MF_DiffuseSpecGloss.uexp" 426
"../../../Engine/Plugins/Interchange/Runtime/Content/gltf/Textures/T_White_Linear.uasset" 427
"../../../Engine/Plugins/Interchange/Runtime/Content/gltf/Textures/T_White_Linear.uexp" 428
"../../../Engine/Plugins/Interchange/Runtime/Content/gltf/MaterialFunctions/MF_MetallicRoughness.uasset" 429
"../../../Engine/Plugins/Interchange/Runtime/Content/gltf/MaterialFunctions/MF_MetallicRoughness.uexp" 430
"../../../Engine/Content/Functions/Engine_MaterialFunctions02/Math/Transform3x3Matrix.uasset" 431
"../../../Engine/Content/Functions/Engine_MaterialFunctions02/Math/Transform3x3Matrix.uexp" 432
"../../../Engine/Plugins/Interchange/Runtime/Content/gltf/MaterialFunctions/MF_RotateNormals_TS.uasset" 433
"../../../Engine/Plugins/Interchange/Runtime/Content/gltf/MaterialFunctions/MF_RotateNormals_TS.uexp" 434
"../../../Engine/Plugins/Interchange/Runtime/Content/gltf/Textures/T_Generic_N.uasset" 435
"../../../Engine/Plugins/Interchange/Runtime/Content/gltf/Textures/T_Generic_N.uexp" 436
"../../../Engine/Plugins/Interchange/Runtime/Content/gltf/MaterialFunctions/MF_Clearcoat.uasset" 437
"../../../Engine/Plugins/Interchange/Runtime/Content/gltf/MaterialFunctions/MF_Clearcoat.uexp" 438
"../../../Engine/Plugins/Interchange/Runtime/Content/gltf/MaterialFunctions/MF_Occlusion.uasset" 439
"../../../Engine/Plugins/Interchange/Runtime/Content/gltf/MaterialFunctions/MF_Occlusion.uexp" 440
"../../../Engine/Plugins/Interchange/Runtime/Content/gltf/MaterialFunctions/MF_Emissive.uasset" 441
"../../../Engine/Plugins/Interchange/Runtime/Content/gltf/MaterialFunctions/MF_Emissive.uexp" 442
"../../../Engine/Plugins/Interchange/Runtime/Content/gltf/MaterialFunctions/MF_Specular.uasset" 443
"../../../Engine/Plugins/Interchange/Runtime/Content/gltf/MaterialFunctions/MF_Specular.uexp" 444
"../../../Engine/Plugins/Interchange/Runtime/Content/gltf/MaterialFunctions/MF_IOR.uasset" 445
"../../../Engine/Plugins/Interchange/Runtime/Content/gltf/MaterialFunctions/MF_IOR.uexp" 446
"../../../Engine/Content/Functions/Engine_MaterialFunctions01/Texturing/FlattenNormal.uasset" 447
"../../../Engine/Content/Functions/Engine_MaterialFunctions01/Texturing/FlattenNormal.uexp" 448
"../../../Engine/Plugins/Interchange/Runtime/Content/gltf/MaterialFunctions/MF_Normals.uasset" 449
"../../../Engine/Plugins/Interchange/Runtime/Content/gltf/MaterialFunctions/MF_Normals.uexp" 450
"../../../Engine/Content/Functions/Engine_MaterialFunctions02/Math/AddComponents.uasset" 451
"../../../Engine/Content/Functions/Engine_MaterialFunctions02/Math/AddComponents.uexp" 452
"../../../Engine/Plugins/Interchange/Runtime/Content/gltf/MaterialFunctions/MF_PerceivedBrightness.uasset" 453
"../../../Engine/Plugins/Interchange/Runtime/Content/gltf/MaterialFunctions/MF_PerceivedBrightness.uexp" 454
"../../../Engine/Plugins/Interchange/Runtime/Content/gltf/MaterialFunctions/MF_SpecGlossToMetalRoughness.uasset" 455
"../../../Engine/Plugins/Interchange/Runtime/Content/gltf/MaterialFunctions/MF_SpecGlossToMetalRoughness.uexp" 456
"../../../Engine/Plugins/Interchange/Runtime/Content/gltf/M_Opaque.uasset" 457
"../../../Engine/Plugins/Interchange/Runtime/Content/gltf/M_Opaque.uexp" 458
"../../../Engine/Plugins/Interchange/Runtime/Content/gltf/MaterialInstances_SG/MI_Opaque.uasset" 459
"../../../Engine/Plugins/Interchange/Runtime/Content/gltf/MaterialInstances_SG/MI_Opaque.uexp" 460
"../../../Engine/Content/EngineFonts/RobotoDistanceField.uasset" 461
"../../../Engine/Content/EngineFonts/RobotoDistanceField.uexp" 462
"../../../Engine/Content/EngineMaterials/DefaultTextMaterialOpaque.uasset" 463
"../../../Engine/Content/EngineMaterials/DefaultTextMaterialOpaque.uexp" 464
"../../../Engine/Content/EngineMaterials/DefaultDiffuse.ubulk" 465
"../../../Engine/Content/EngineMaterials/DefaultDiffuse.uasset" 466
"../../../Engine/Content/EngineMaterials/DefaultDiffuse.uexp" 467
"../../../Engine/Content/Functions/Engine_MaterialFunctions02/Utility/BreakOutFloat2Components.uasset" 468
"../../../Engine/Content/Functions/Engine_MaterialFunctions02/Utility/BreakOutFloat2Components.uexp" 469
"../../../Engine/Content/EngineMaterials/DefaultPostProcessMaterial.uasset" 470
"../../../Engine/Content/EngineMaterials/DefaultPostProcessMaterial.uexp" 471
"../../../Engine/Content/EngineMaterials/DefaultPhysicalMaterial.uasset" 472
"../../../Engine/Content/EngineMaterials/DefaultPhysicalMaterial.uexp" 473
"../../../Engine/Content/EngineMaterials/DefaultLightFunctionMaterial.uasset" 474
"../../../Engine/Content/EngineMaterials/DefaultLightFunctionMaterial.uexp" 475
"../../../Engine/Content/EngineMaterials/DefaultDestructiblePhysicalMaterial.uasset" 476
"../../../Engine/Content/EngineMaterials/DefaultDestructiblePhysicalMaterial.uexp" 477
"../../../Engine/Content/EngineMaterials/DefaultDeferredDecalMaterial.uasset" 478
"../../../Engine/Content/EngineMaterials/DefaultDeferredDecalMaterial.uexp" 479
"../../../Engine/Content/EngineMaterials/DefaultBloomKernel.uasset" 480
"../../../Engine/Content/EngineMaterials/DefaultBloomKernel.uexp" 481
"../../../Engine/Plugins/Interchange/Runtime/Content/Materials/UnlitMaterial.uasset" 482
"../../../Engine/Plugins/Interchange/Runtime/Content/Materials/UnlitMaterial.uexp" 483
"../../../Engine/Plugins/Interchange/Runtime/Content/Materials/ThinTranslucentMaterial.uasset" 484
"../../../Engine/Plugins/Interchange/Runtime/Content/Materials/ThinTranslucentMaterial.uexp" 485
"../../../Engine/Content/EngineMaterials/FlatNormal.uasset" 486
"../../../Engine/Content/EngineMaterials/FlatNormal.uexp" 487
"../../../Engine/Plugins/Interchange/Runtime/Content/Functions/MF_OrenNayerView.uasset" 488
"../../../Engine/Plugins/Interchange/Runtime/Content/Functions/MF_OrenNayerView.uexp" 489
"../../../Engine/Content/EditorLandscapeResources/WhiteSquareTexture.uasset" 490
"../../../Engine/Content/EditorLandscapeResources/WhiteSquareTexture.uexp" 491
"../../../Engine/Plugins/Interchange/Runtime/Content/Functions/MF_SchlickApprox.uasset" 492
"../../../Engine/Plugins/Interchange/Runtime/Content/Functions/MF_SchlickApprox.uexp" 493
"../../../Engine/Plugins/Interchange/Runtime/Content/Utilities/New_LUT.uasset" 494
"../../../Engine/Plugins/Interchange/Runtime/Content/Utilities/New_LUT.uexp" 495
"../../../Engine/Content/Functions/Engine_MaterialFunctions03/Math/RemapValueRange.uasset" 496
"../../../Engine/Content/Functions/Engine_MaterialFunctions03/Math/RemapValueRange.uexp" 497
"../../../Engine/Plugins/Interchange/Runtime/Content/Functions/MF_Iridescence.uasset" 498
"../../../Engine/Plugins/Interchange/Runtime/Content/Functions/MF_Iridescence.uexp" 499
"../../../Engine/Plugins/Interchange/Runtime/Content/Materials/OrenNayerMaterial.uasset" 500
"../../../Engine/Plugins/Interchange/Runtime/Content/Materials/OrenNayerMaterial.uexp" 501
"../../../Engine/Plugins/Interchange/Runtime/Content/Materials/SubsurfaceMaterial.uasset" 502
"../../../Engine/Plugins/Interchange/Runtime/Content/Materials/SubsurfaceMaterial.uexp" 503
"../../../Engine/Plugins/Interchange/Runtime/Content/Materials/SheenMaterial.uasset" 504
"../../../Engine/Plugins/Interchange/Runtime/Content/Materials/SheenMaterial.uexp" 505
"../../../Engine/Content/Functions/Engine_MaterialFunctions01/Shading/ConvertFromDiffSpec.uasset" 506
"../../../Engine/Content/Functions/Engine_MaterialFunctions01/Shading/ConvertFromDiffSpec.uexp" 507
"../../../Engine/Plugins/Interchange/Runtime/Content/Materials/PhongSurfaceMaterial.uasset" 508
"../../../Engine/Plugins/Interchange/Runtime/Content/Materials/PhongSurfaceMaterial.uexp" 509
"../../../Engine/Plugins/Interchange/Runtime/Content/Materials/PBRSurfaceMaterial.uasset" 510
"../../../Engine/Plugins/Interchange/Runtime/Content/Materials/PBRSurfaceMaterial.uexp" 511
"../../../Engine/Plugins/Interchange/Runtime/Content/Materials/LambertSurfaceMaterial.uasset" 512
"../../../Engine/Plugins/Interchange/Runtime/Content/Materials/LambertSurfaceMaterial.uexp" 513
"../../../Engine/Content/EngineResources/FilmGrains/Marcie_Grain_v3_128_M2_000.uasset" 514
"../../../Engine/Content/EngineResources/FilmGrains/Marcie_Grain_v3_128_M2_000.uexp" 515
"../../../Engine/Content/EngineSky/VolumetricClouds/CloudWeatherTexture.uasset" 516
"../../../Engine/Content/EngineSky/VolumetricClouds/CloudWeatherTexture.uexp" 517
"../../../Engine/Content/Functions/Engine_MaterialFunctions02/Utility/MakeFloat2.uasset" 518
"../../../Engine/Content/Functions/Engine_MaterialFunctions02/Utility/MakeFloat2.uexp" 519
"../../../Engine/Content/EngineSky/VolumetricClouds/CloudGradientTexture.uasset" 520
"../../../Engine/Content/EngineSky/VolumetricClouds/CloudGradientTexture.uexp" 521
"../../../Engine/Content/EngineSky/VolumetricClouds/T_NoiseShape64.ubulk" 522
"../../../Engine/Content/EngineSky/VolumetricClouds/T_NoiseShape64.uasset" 523
"../../../Engine/Content/EngineSky/VolumetricClouds/T_NoiseShape64.uexp" 524
"../../../Engine/Content/EngineSky/VolumetricClouds/T_VolumeNoiseShape64.uasset" 525
"../../../Engine/Content/EngineSky/VolumetricClouds/T_VolumeNoiseShape64.uexp" 526
"../../../Engine/Content/EngineSky/VolumetricClouds/T_NoiseErosion.ubulk" 527
"../../../Engine/Content/EngineSky/VolumetricClouds/T_NoiseErosion.uasset" 528
"../../../Engine/Content/EngineSky/VolumetricClouds/T_NoiseErosion.uexp" 529
"../../../Engine/Content/EngineSky/VolumetricClouds/T_VolumeNoiseErosion32.uasset" 530
"../../../Engine/Content/EngineSky/VolumetricClouds/T_VolumeNoiseErosion32.uexp" 531
"../../../Engine/Content/EngineSky/VolumetricClouds/m_SimpleVolumetricCloud.uasset" 532
"../../../Engine/Content/EngineSky/VolumetricClouds/m_SimpleVolumetricCloud.uexp" 533
"../../../Engine/Content/EngineSky/VolumetricClouds/m_SimpleVolumetricCloud_Inst.uasset" 534
"../../../Engine/Content/EngineSky/VolumetricClouds/m_SimpleVolumetricCloud_Inst.uexp" 535
"../../../Engine/Content/EngineSounds/Master.uasset" 536
"../../../Engine/Content/EngineSounds/Master.uexp" 537
"../../../Engine/Content/Functions/Engine_MaterialFunctions01/Shading/PowerToRoughness.uasset" 538
"../../../Engine/Content/Functions/Engine_MaterialFunctions01/Shading/PowerToRoughness.uexp" 539
"../../../Engine/Content/MobileResources/HUD/VirtualJoystick_Background.uasset" 540
"../../../Engine/Content/MobileResources/HUD/VirtualJoystick_Background.uexp" 541
"../../../Engine/Content/MobileResources/HUD/VirtualJoystick_Thumb.uasset" 542
"../../../Engine/Content/MobileResources/HUD/VirtualJoystick_Thumb.uexp" 543
"../../../Engine/Content/MobileResources/HUD/DefaultVirtualJoysticks.uasset" 544
"../../../Engine/Content/MobileResources/HUD/DefaultVirtualJoysticks.uexp" 545
"../../../Engine/Plugins/2D/Paper2D/Content/DefaultSpriteMaterial.uasset" 546
"../../../Engine/Plugins/2D/Paper2D/Content/DefaultSpriteMaterial.uexp" 547
"../../../Engine/Plugins/2D/Paper2D/Content/OpaqueUnlitSpriteMaterial.uasset" 548
"../../../Engine/Plugins/2D/Paper2D/Content/OpaqueUnlitSpriteMaterial.uexp" 549
"../../../Engine/Plugins/2D/Paper2D/Content/MaskedUnlitSpriteMaterial.uasset" 550
"../../../Engine/Plugins/2D/Paper2D/Content/MaskedUnlitSpriteMaterial.uexp" 551
"../../../Engine/Plugins/2D/Paper2D/Content/DummySprite.uasset" 552
"../../../Engine/Plugins/2D/Paper2D/Content/DummySprite.uexp" 553
"../../../Engine/Plugins/2D/Paper2D/Content/DefaultPaperTerrainMaterial.uasset" 554
"../../../Engine/Plugins/2D/Paper2D/Content/DefaultPaperTerrainMaterial.uexp" 555
"../../../Engine/Plugins/Animation/ControlRig/Content/M_Manip.uasset" 556
"../../../Engine/Plugins/Animation/ControlRig/Content/M_Manip.uexp" 557
"../../../Engine/Plugins/Animation/ControlRig/Content/Controls/DefaultGizmoLibraryNormalized.uasset" 558
"../../../Engine/Plugins/Animation/ControlRig/Content/Controls/DefaultGizmoLibraryNormalized.uexp" 559
"../../../Engine/Plugins/Animation/ControlRig/Content/Controls/ControlRig_Wedge_solid.ubulk" 560
"../../../Engine/Plugins/Animation/ControlRig/Content/Controls/ControlRig_Wedge_solid.uasset" 561
"../../../Engine/Plugins/Animation/ControlRig/Content/Controls/ControlRig_Wedge_solid.uexp" 562
"../../../Engine/Plugins/Animation/ControlRig/Content/Controls/ControlRig_Wedge_3mm.ubulk" 563
"../../../Engine/Plugins/Animation/ControlRig/Content/Controls/ControlRig_Wedge_3mm.uasset" 564
"../../../Engine/Plugins/Animation/ControlRig/Content/Controls/ControlRig_Wedge_3mm.uexp" 565
"../../../Engine/Plugins/Animation/ControlRig/Content/Controls/ControlRig_Wedge_1mm.ubulk" 566
"../../../Engine/Plugins/Animation/ControlRig/Content/Controls/ControlRig_Wedge_1mm.uasset" 567
"../../../Engine/Plugins/Animation/ControlRig/Content/Controls/ControlRig_Wedge_1mm.uexp" 568
"../../../Engine/Plugins/Animation/ControlRig/Content/Controls/ControlRig_Triangle_solid.ubulk" 569
"../../../Engine/Plugins/Animation/ControlRig/Content/Controls/ControlRig_Triangle_solid.uasset" 570
"../../../Engine/Plugins/Animation/ControlRig/Content/Controls/ControlRig_Triangle_solid.uexp" 571
"../../../Engine/Plugins/Animation/ControlRig/Content/Controls/ControlRig_Triangle_3mm.ubulk" 572
"../../../Engine/Plugins/Animation/ControlRig/Content/Controls/ControlRig_Triangle_3mm.uasset" 573
"../../../Engine/Plugins/Animation/ControlRig/Content/Controls/ControlRig_Triangle_3mm.uexp" 574
"../../../Engine/Plugins/Animation/ControlRig/Content/Controls/ControlRig_Triangle_1mm.ubulk" 575
"../../../Engine/Plugins/Animation/ControlRig/Content/Controls/ControlRig_Triangle_1mm.uasset" 576
"../../../Engine/Plugins/Animation/ControlRig/Content/Controls/ControlRig_Triangle_1mm.uexp" 577
"../../../Engine/Plugins/Animation/ControlRig/Content/Controls/ControlRig_Star4_solid.ubulk" 578
"../../../Engine/Plugins/Animation/ControlRig/Content/Controls/ControlRig_Star4_solid.uasset" 579
"../../../Engine/Plugins/Animation/ControlRig/Content/Controls/ControlRig_Star4_solid.uexp" 580
"../../../Engine/Plugins/Animation/ControlRig/Content/Controls/ControlRig_Star4_3mm.ubulk" 581
"../../../Engine/Plugins/Animation/ControlRig/Content/Controls/ControlRig_Star4_3mm.uasset" 582
"../../../Engine/Plugins/Animation/ControlRig/Content/Controls/ControlRig_Star4_3mm.uexp" 583
"../../../Engine/Plugins/Animation/ControlRig/Content/Controls/ControlRig_Star4_1mm.ubulk" 584
"../../../Engine/Plugins/Animation/ControlRig/Content/Controls/ControlRig_Star4_1mm.uasset" 585
"../../../Engine/Plugins/Animation/ControlRig/Content/Controls/ControlRig_Star4_1mm.uexp" 586
"../../../Engine/Plugins/Animation/ControlRig/Content/Controls/ControlRig_Square_solid.ubulk" 587
"../../../Engine/Plugins/Animation/ControlRig/Content/Controls/ControlRig_Square_solid.uasset" 588
"../../../Engine/Plugins/Animation/ControlRig/Content/Controls/ControlRig_Square_solid.uexp" 589
"../../../Engine/Plugins/Animation/ControlRig/Content/Controls/ControlRig_Square_3mm.ubulk" 590
"../../../Engine/Plugins/Animation/ControlRig/Content/Controls/ControlRig_Square_3mm.uasset" 591
"../../../Engine/Plugins/Animation/ControlRig/Content/Controls/ControlRig_Square_3mm.uexp" 592
"../../../Engine/Plugins/Animation/ControlRig/Content/Controls/ControlRig_Square_1mm.ubulk" 593
"../../../Engine/Plugins/Animation/ControlRig/Content/Controls/ControlRig_Square_1mm.uasset" 594
"../../../Engine/Plugins/Animation/ControlRig/Content/Controls/ControlRig_Square_1mm.uexp" 595
"../../../Engine/Plugins/Animation/ControlRig/Content/Controls/ControlRig_Sphere_solid.ubulk" 596
"../../../Engine/Plugins/Animation/ControlRig/Content/Controls/ControlRig_Sphere_solid.uasset" 597
"../../../Engine/Plugins/Animation/ControlRig/Content/Controls/ControlRig_Sphere_solid.uexp" 598
"../../../Engine/Plugins/Animation/ControlRig/Content/Controls/ControlRig_Sphere_3mm.ubulk" 599
"../../../Engine/Plugins/Animation/ControlRig/Content/Controls/ControlRig_Sphere_3mm.uasset" 600
"../../../Engine/Plugins/Animation/ControlRig/Content/Controls/ControlRig_Sphere_3mm.uexp" 601
"../../../Engine/Plugins/Animation/ControlRig/Content/Controls/ControlRig_Sphere_1mm.ubulk" 602
"../../../Engine/Plugins/Animation/ControlRig/Content/Controls/ControlRig_Sphere_1mm.uasset" 603
"../../../Engine/Plugins/Animation/ControlRig/Content/Controls/ControlRig_Sphere_1mm.uexp" 604
"../../../Engine/Plugins/Animation/ControlRig/Content/Controls/ControlRig_RoundedTriangle_solid.ubulk" 605
"../../../Engine/Plugins/Animation/ControlRig/Content/Controls/ControlRig_RoundedTriangle_solid.uasset" 606
"../../../Engine/Plugins/Animation/ControlRig/Content/Controls/ControlRig_RoundedTriangle_solid.uexp" 607
"../../../Engine/Plugins/Animation/ControlRig/Content/Controls/ControlRig_RoundedTriangle_3mm.ubulk" 608
"../../../Engine/Plugins/Animation/ControlRig/Content/Controls/ControlRig_RoundedTriangle_3mm.uasset" 609
"../../../Engine/Plugins/Animation/ControlRig/Content/Controls/ControlRig_RoundedTriangle_3mm.uexp" 610
"../../../Engine/Plugins/Animation/ControlRig/Content/Controls/ControlRig_RoundedTriangle_1mm.ubulk" 611
"../../../Engine/Plugins/Animation/ControlRig/Content/Controls/ControlRig_RoundedTriangle_1mm.uasset" 612
"../../../Engine/Plugins/Animation/ControlRig/Content/Controls/ControlRig_RoundedTriangle_1mm.uexp" 613
"../../../Engine/Plugins/Animation/ControlRig/Content/Controls/ControlRig_RoundedSquare_solid.ubulk" 614
"../../../Engine/Plugins/Animation/ControlRig/Content/Controls/ControlRig_RoundedSquare_solid.uasset" 615
"../../../Engine/Plugins/Animation/ControlRig/Content/Controls/ControlRig_RoundedSquare_solid.uexp" 616
"../../../Engine/Plugins/Animation/ControlRig/Content/Controls/ControlRig_RoundedSquare_3mm.ubulk" 617
"../../../Engine/Plugins/Animation/ControlRig/Content/Controls/ControlRig_RoundedSquare_3mm.uasset" 618
"../../../Engine/Plugins/Animation/ControlRig/Content/Controls/ControlRig_RoundedSquare_3mm.uexp" 619
"../../../Engine/Plugins/Animation/ControlRig/Content/Controls/ControlRig_RoundedSquare_1mm.ubulk" 620
"../../../Engine/Plugins/Animation/ControlRig/Content/Controls/ControlRig_RoundedSquare_1mm.uasset" 621
"../../../Engine/Plugins/Animation/ControlRig/Content/Controls/ControlRig_RoundedSquare_1mm.uexp" 622
"../../../Engine/Plugins/Animation/ControlRig/Content/Controls/ControlRig_QuarterCircle_solid.ubulk" 623
"../../../Engine/Plugins/Animation/ControlRig/Content/Controls/ControlRig_QuarterCircle_solid.uasset" 624
"../../../Engine/Plugins/Animation/ControlRig/Content/Controls/ControlRig_QuarterCircle_solid.uexp" 625
"../../../Engine/Plugins/Animation/ControlRig/Content/Controls/ControlRig_QuarterCircle_3mm.ubulk" 626
"../../../Engine/Plugins/Animation/ControlRig/Content/Controls/ControlRig_QuarterCircle_3mm.uasset" 627
"../../../Engine/Plugins/Animation/ControlRig/Content/Controls/ControlRig_QuarterCircle_3mm.uexp" 628
"../../../Engine/Plugins/Animation/ControlRig/Content/Controls/ControlRig_QuarterCircle_1mm.ubulk" 629
"../../../Engine/Plugins/Animation/ControlRig/Content/Controls/ControlRig_QuarterCircle_1mm.uasset" 630
"../../../Engine/Plugins/Animation/ControlRig/Content/Controls/ControlRig_QuarterCircle_1mm.uexp" 631
"../../../Engine/Plugins/Animation/ControlRig/Content/Controls/ControlRig_Pyramid_solid.ubulk" 632
"../../../Engine/Plugins/Animation/ControlRig/Content/Controls/ControlRig_Pyramid_solid.uasset" 633
"../../../Engine/Plugins/Animation/ControlRig/Content/Controls/ControlRig_Pyramid_solid.uexp" 634
"../../../Engine/Plugins/Animation/ControlRig/Content/Controls/ControlRig_Pyramid_3mm.ubulk" 635
"../../../Engine/Plugins/Animation/ControlRig/Content/Controls/ControlRig_Pyramid_3mm.uasset" 636
"../../../Engine/Plugins/Animation/ControlRig/Content/Controls/ControlRig_Pyramid_3mm.uexp" 637
"../../../Engine/Plugins/Animation/ControlRig/Content/Controls/ControlRig_Pyramid_1mm.ubulk" 638
"../../../Engine/Plugins/Animation/ControlRig/Content/Controls/ControlRig_Pyramid_1mm.uasset" 639
"../../../Engine/Plugins/Animation/ControlRig/Content/Controls/ControlRig_Pyramid_1mm.uexp" 640
"../../../Engine/Plugins/Animation/ControlRig/Content/Controls/ControlRig_Octagon_solid.ubulk" 641
"../../../Engine/Plugins/Animation/ControlRig/Content/Controls/ControlRig_Octagon_solid.uasset" 642
"../../../Engine/Plugins/Animation/ControlRig/Content/Controls/ControlRig_Octagon_solid.uexp" 643
"../../../Engine/Plugins/Animation/ControlRig/Content/Controls/ControlRig_Octagon_3mm.ubulk" 644
"../../../Engine/Plugins/Animation/ControlRig/Content/Controls/ControlRig_Octagon_3mm.uasset" 645
"../../../Engine/Plugins/Animation/ControlRig/Content/Controls/ControlRig_Octagon_3mm.uexp" 646
"../../../Engine/Plugins/Animation/ControlRig/Content/Controls/ControlRig_Octagon_1mm.ubulk" 647
"../../../Engine/Plugins/Animation/ControlRig/Content/Controls/ControlRig_Octagon_1mm.uasset" 648
"../../../Engine/Plugins/Animation/ControlRig/Content/Controls/ControlRig_Octagon_1mm.uexp" 649
"../../../Engine/Plugins/Animation/ControlRig/Content/Controls/ControlRig_Hexagon_solid.ubulk" 650
"../../../Engine/Plugins/Animation/ControlRig/Content/Controls/ControlRig_Hexagon_solid.uasset" 651
"../../../Engine/Plugins/Animation/ControlRig/Content/Controls/ControlRig_Hexagon_solid.uexp" 652
"../../../Engine/Plugins/Animation/ControlRig/Content/Controls/ControlRig_Hexagon_3mm.ubulk" 653
"../../../Engine/Plugins/Animation/ControlRig/Content/Controls/ControlRig_Hexagon_3mm.uasset" 654
"../../../Engine/Plugins/Animation/ControlRig/Content/Controls/ControlRig_Hexagon_3mm.uexp" 655
"../../../Engine/Plugins/Animation/ControlRig/Content/Controls/ControlRig_Hexagon_1mm.ubulk" 656
"../../../Engine/Plugins/Animation/ControlRig/Content/Controls/ControlRig_Hexagon_1mm.uasset" 657
"../../../Engine/Plugins/Animation/ControlRig/Content/Controls/ControlRig_Hexagon_1mm.uexp" 658
"../../../Engine/Plugins/Animation/ControlRig/Content/Controls/ControlRig_HalfCircle_solid.ubulk" 659
"../../../Engine/Plugins/Animation/ControlRig/Content/Controls/ControlRig_HalfCircle_solid.uasset" 660
"../../../Engine/Plugins/Animation/ControlRig/Content/Controls/ControlRig_HalfCircle_solid.uexp" 661
"../../../Engine/Plugins/Animation/ControlRig/Content/Controls/ControlRig_HalfCircle_3mm.ubulk" 662
"../../../Engine/Plugins/Animation/ControlRig/Content/Controls/ControlRig_HalfCircle_3mm.uasset" 663
"../../../Engine/Plugins/Animation/ControlRig/Content/Controls/ControlRig_HalfCircle_3mm.uexp" 664
"../../../Engine/Plugins/Animation/ControlRig/Content/Controls/ControlRig_HalfCircle_1mm.ubulk" 665
"../../../Engine/Plugins/Animation/ControlRig/Content/Controls/ControlRig_HalfCircle_1mm.uasset" 666
"../../../Engine/Plugins/Animation/ControlRig/Content/Controls/ControlRig_HalfCircle_1mm.uexp" 667
"../../../Engine/Plugins/Animation/ControlRig/Content/Controls/ControlRig_Diamond_solid.ubulk" 668
"../../../Engine/Plugins/Animation/ControlRig/Content/Controls/ControlRig_Diamond_solid.uasset" 669
"../../../Engine/Plugins/Animation/ControlRig/Content/Controls/ControlRig_Diamond_solid.uexp" 670
"../../../Engine/Plugins/Animation/ControlRig/Content/Controls/ControlRig_Diamond_3mm.ubulk" 671
"../../../Engine/Plugins/Animation/ControlRig/Content/Controls/ControlRig_Diamond_3mm.uasset" 672
"../../../Engine/Plugins/Animation/ControlRig/Content/Controls/ControlRig_Diamond_3mm.uexp" 673
"../../../Engine/Plugins/Animation/ControlRig/Content/Controls/ControlRig_Diamond_1mm.ubulk" 674
"../../../Engine/Plugins/Animation/ControlRig/Content/Controls/ControlRig_Diamond_1mm.uasset" 675
"../../../Engine/Plugins/Animation/ControlRig/Content/Controls/ControlRig_Diamond_1mm.uexp" 676
"../../../Engine/Plugins/Animation/ControlRig/Content/Controls/ControlRig_Circle_solid.ubulk" 677
"../../../Engine/Plugins/Animation/ControlRig/Content/Controls/ControlRig_Circle_solid.uasset" 678
"../../../Engine/Plugins/Animation/ControlRig/Content/Controls/ControlRig_Circle_solid.uexp" 679
"../../../Engine/Plugins/Animation/ControlRig/Content/Controls/ControlRig_Circle_3mm.ubulk" 680
"../../../Engine/Plugins/Animation/ControlRig/Content/Controls/ControlRig_Circle_3mm.uasset" 681
"../../../Engine/Plugins/Animation/ControlRig/Content/Controls/ControlRig_Circle_3mm.uexp" 682
"../../../Engine/Plugins/Animation/ControlRig/Content/Controls/ControlRig_Circle_1mm.ubulk" 683
"../../../Engine/Plugins/Animation/ControlRig/Content/Controls/ControlRig_Circle_1mm.uasset" 684
"../../../Engine/Plugins/Animation/ControlRig/Content/Controls/ControlRig_Circle_1mm.uexp" 685
"../../../Engine/Plugins/Animation/ControlRig/Content/Controls/ControlRig_Box_solid.ubulk" 686
"../../../Engine/Plugins/Animation/ControlRig/Content/Controls/ControlRig_Box_solid.uasset" 687
"../../../Engine/Plugins/Animation/ControlRig/Content/Controls/ControlRig_Box_solid.uexp" 688
"../../../Engine/Plugins/Animation/ControlRig/Content/Controls/ControlRig_Box_3mm.ubulk" 689
"../../../Engine/Plugins/Animation/ControlRig/Content/Controls/ControlRig_Box_3mm.uasset" 690
"../../../Engine/Plugins/Animation/ControlRig/Content/Controls/ControlRig_Box_3mm.uexp" 691
"../../../Engine/Plugins/Animation/ControlRig/Content/Controls/ControlRig_Box_1mm.ubulk" 692
"../../../Engine/Plugins/Animation/ControlRig/Content/Controls/ControlRig_Box_1mm.uasset" 693
"../../../Engine/Plugins/Animation/ControlRig/Content/Controls/ControlRig_Box_1mm.uexp" 694
"../../../Engine/Plugins/Animation/ControlRig/Content/Controls/ControlRig_Arrow_solid.ubulk" 695
"../../../Engine/Plugins/Animation/ControlRig/Content/Controls/ControlRig_Arrow_solid.uasset" 696
"../../../Engine/Plugins/Animation/ControlRig/Content/Controls/ControlRig_Arrow_solid.uexp" 697
"../../../Engine/Plugins/Animation/ControlRig/Content/Controls/ControlRig_Arrow_3mm.ubulk" 698
"../../../Engine/Plugins/Animation/ControlRig/Content/Controls/ControlRig_Arrow_3mm.uasset" 699
"../../../Engine/Plugins/Animation/ControlRig/Content/Controls/ControlRig_Arrow_3mm.uexp" 700
"../../../Engine/Plugins/Animation/ControlRig/Content/Controls/ControlRig_Arrow_1mm.ubulk" 701
"../../../Engine/Plugins/Animation/ControlRig/Content/Controls/ControlRig_Arrow_1mm.uasset" 702
"../../../Engine/Plugins/Animation/ControlRig/Content/Controls/ControlRig_Arrow_1mm.uexp" 703
"../../../Engine/Plugins/Animation/ControlRig/Content/Controls/ControlRig_Arrow4_solid.ubulk" 704
"../../../Engine/Plugins/Animation/ControlRig/Content/Controls/ControlRig_Arrow4_solid.uasset" 705
"../../../Engine/Plugins/Animation/ControlRig/Content/Controls/ControlRig_Arrow4_solid.uexp" 706
"../../../Engine/Plugins/Animation/ControlRig/Content/Controls/ControlRig_Arrow4_3mm.ubulk" 707
"../../../Engine/Plugins/Animation/ControlRig/Content/Controls/ControlRig_Arrow4_3mm.uasset" 708
"../../../Engine/Plugins/Animation/ControlRig/Content/Controls/ControlRig_Arrow4_3mm.uexp" 709
"../../../Engine/Plugins/Animation/ControlRig/Content/Controls/ControlRig_Arrow4_1mm.ubulk" 710
"../../../Engine/Plugins/Animation/ControlRig/Content/Controls/ControlRig_Arrow4_1mm.uasset" 711
"../../../Engine/Plugins/Animation/ControlRig/Content/Controls/ControlRig_Arrow4_1mm.uexp" 712
"../../../Engine/Plugins/Animation/ControlRig/Content/Controls/ControlRig_Arrow2_solid.ubulk" 713
"../../../Engine/Plugins/Animation/ControlRig/Content/Controls/ControlRig_Arrow2_solid.uasset" 714
"../../../Engine/Plugins/Animation/ControlRig/Content/Controls/ControlRig_Arrow2_solid.uexp" 715
"../../../Engine/Plugins/Animation/ControlRig/Content/Controls/ControlRig_Arrow2_3mm.ubulk" 716
"../../../Engine/Plugins/Animation/ControlRig/Content/Controls/ControlRig_Arrow2_3mm.uasset" 717
"../../../Engine/Plugins/Animation/ControlRig/Content/Controls/ControlRig_Arrow2_3mm.uexp" 718
"../../../Engine/Plugins/Animation/ControlRig/Content/Controls/ControlRig_Arrow2_1mm.ubulk" 719
"../../../Engine/Plugins/Animation/ControlRig/Content/Controls/ControlRig_Arrow2_1mm.uasset" 720
"../../../Engine/Plugins/Animation/ControlRig/Content/Controls/ControlRig_Arrow2_1mm.uexp" 721
"../../../Engine/Plugins/Animation/ControlRig/Content/Controls/ControlRigXRayMaterial.uasset" 722
"../../../Engine/Plugins/Animation/ControlRig/Content/Controls/ControlRigXRayMaterial.uexp" 723
"../../../Engine/Plugins/Animation/ControlRig/Content/Controls/ControlRigGizmoMaterial.uasset" 724
"../../../Engine/Plugins/Animation/ControlRig/Content/Controls/ControlRigGizmoMaterial.uexp" 725
"../../../Engine/Plugins/Editor/SpeedTreeImporter/Content/SpeedTree9/game_wind_noise.ubulk" 726
"../../../Engine/Plugins/Editor/SpeedTreeImporter/Content/SpeedTree9/game_wind_noise.uasset" 727
"../../../Engine/Plugins/Editor/SpeedTreeImporter/Content/SpeedTree9/game_wind_noise.uexp" 728
"../../../Engine/Plugins/Editor/SpeedTreeImporter/Content/SpeedTree9/UnpackDirection.uasset" 729
"../../../Engine/Plugins/Editor/SpeedTreeImporter/Content/SpeedTree9/UnpackDirection.uexp" 730
"../../../Engine/Content/Functions/Engine_MaterialFunctions02/ObjectLocalBounds.uasset" 731
"../../../Engine/Content/Functions/Engine_MaterialFunctions02/ObjectLocalBounds.uexp" 732
"../../../Engine/Content/Functions/Engine_MaterialFunctions02/UVs/BoundingBoxBased_0-1_UVW.uasset" 733
"../../../Engine/Content/Functions/Engine_MaterialFunctions02/UVs/BoundingBoxBased_0-1_UVW.uexp" 734
"../../../Engine/Content/Functions/Engine_MaterialFunctions02/Utility/VectorLength.uasset" 735
"../../../Engine/Content/Functions/Engine_MaterialFunctions02/Utility/VectorLength.uexp" 736
"../../../Engine/Plugins/Editor/SpeedTreeImporter/Content/SpeedTree9/UnpackInteger3.uasset" 737
"../../../Engine/Plugins/Editor/SpeedTreeImporter/Content/SpeedTree9/UnpackInteger3.uexp" 738
"../../../Engine/Plugins/Editor/SpeedTreeImporter/Content/SpeedTree9/SpeedTreeCameraFacing.uasset" 739
"../../../Engine/Plugins/Editor/SpeedTreeImporter/Content/SpeedTree9/SpeedTreeCameraFacing.uexp" 740
"../../../Engine/Content/Functions/Engine_MaterialFunctions02/WorldPositionOffset/ObjectScale.uasset" 741
"../../../Engine/Content/Functions/Engine_MaterialFunctions02/WorldPositionOffset/ObjectScale.uexp" 742
"../../../Engine/Content/Functions/Engine_MaterialFunctions02/SafeNormalize.uasset" 743
"../../../Engine/Content/Functions/Engine_MaterialFunctions02/SafeNormalize.uexp" 744
"../../../Engine/Plugins/Editor/SpeedTreeImporter/Content/SpeedTree9/SpeedTreeWindMotion.uasset" 745
"../../../Engine/Plugins/Editor/SpeedTreeImporter/Content/SpeedTree9/SpeedTreeWindMotion.uexp" 746
"../../../Engine/Plugins/Editor/SpeedTreeImporter/Content/SpeedTree9/SpeedTreeBranchMotion.uasset" 747
"../../../Engine/Plugins/Editor/SpeedTreeImporter/Content/SpeedTree9/SpeedTreeBranchMotion.uexp" 748
"../../../Engine/Plugins/Editor/SpeedTreeImporter/Content/SpeedTree9/SpeedTreeWind.uasset" 749
"../../../Engine/Plugins/Editor/SpeedTreeImporter/Content/SpeedTree9/SpeedTreeWind.uexp" 750
"../../../Engine/Plugins/Editor/SpeedTreeImporter/Content/SpeedTree9/EmptyNormal.uasset" 751
"../../../Engine/Plugins/Editor/SpeedTreeImporter/Content/SpeedTree9/EmptyNormal.uexp" 752
"../../../Engine/Plugins/Editor/SpeedTreeImporter/Content/SpeedTree9/Empty.uasset" 753
"../../../Engine/Plugins/Editor/SpeedTreeImporter/Content/SpeedTree9/Empty.uexp" 754
"../../../Engine/Plugins/Editor/SpeedTreeImporter/Content/SpeedTree9/SpeedTreeMaster.uasset" 755
"../../../Engine/Plugins/Editor/SpeedTreeImporter/Content/SpeedTree9/SpeedTreeMaster.uexp" 756
"../../../Engine/Plugins/Editor/SpeedTreeImporter/Content/SpeedTree9/SpeedTreeBillboard.uasset" 757
"../../../Engine/Plugins/Editor/SpeedTreeImporter/Content/SpeedTree9/SpeedTreeBillboard.uexp" 758
"../../../Engine/Plugins/Editor/SpeedTreeImporter/Content/SpeedTree9/SpeedTreeBillboardMaster.uasset" 759
"../../../Engine/Plugins/Editor/SpeedTreeImporter/Content/SpeedTree9/SpeedTreeBillboardMaster.uexp" 760
"../../../Engine/Plugins/Interchange/Runtime/Content/Pipelines/DefaultMaterialPipeline.uasset" 761
"../../../Engine/Plugins/Interchange/Runtime/Content/Pipelines/DefaultMaterialPipeline.uexp" 762
"../../../Engine/Plugins/Interchange/Runtime/Content/Pipelines/DefaultSceneLevelPipeline.uasset" 763
"../../../Engine/Plugins/Interchange/Runtime/Content/Pipelines/DefaultSceneLevelPipeline.uexp" 764
"../../../Engine/Plugins/Interchange/Runtime/Content/Pipelines/DefaultSceneAssetsPipeline.uasset" 765
"../../../Engine/Plugins/Interchange/Runtime/Content/Pipelines/DefaultSceneAssetsPipeline.uexp" 766
"../../../Engine/Content/Functions/Engine_MaterialFunctions02/Texturing/CustomRotator.uasset" 767
"../../../Engine/Content/Functions/Engine_MaterialFunctions02/Texturing/CustomRotator.uexp" 768
"../../../Engine/Content/Functions/Engine_MaterialFunctions02/Texturing/ScreenAlignedPixelToPixelUVs.uasset" 769
"../../../Engine/Content/Functions/Engine_MaterialFunctions02/Texturing/ScreenAlignedPixelToPixelUVs.uexp" 770
"../../../Engine/Plugins/Interchange/Runtime/Content/Utilities/T_Bayer64_Grayscale_64px.uasset" 771
"../../../Engine/Plugins/Interchange/Runtime/Content/Utilities/T_Bayer64_Grayscale_64px.uexp" 772
"../../../Engine/Plugins/Interchange/Runtime/Content/gltf/MaterialFunctions/MF_Temporal_Blur.uasset" 773
"../../../Engine/Plugins/Interchange/Runtime/Content/gltf/MaterialFunctions/MF_Temporal_Blur.uexp" 774
"../../../Engine/Plugins/Interchange/Runtime/Content/gltf/MaterialFunctions/MF_Fresnel_DS.uasset" 775
"../../../Engine/Plugins/Interchange/Runtime/Content/gltf/MaterialFunctions/MF_Fresnel_DS.uexp" 776
"../../../Engine/Plugins/Interchange/Runtime/Content/Functions/MX_Transmission.uasset" 777
"../../../Engine/Plugins/Interchange/Runtime/Content/Functions/MX_Transmission.uexp" 778
"../../../Engine/Plugins/Interchange/Runtime/Content/Functions/MX_StandardSurface.uasset" 779
"../../../Engine/Plugins/Interchange/Runtime/Content/Functions/MX_StandardSurface.uexp" 780
"../../../Engine/Plugins/Interchange/Runtime/Content/Functions/MX_TransmissionSurface.uasset" 781
"../../../Engine/Plugins/Interchange/Runtime/Content/Functions/MX_TransmissionSurface.uexp" 782
"../../../Engine/Content/Functions/Engine_MaterialFunctions02/WorldPositionOffset/V2/ObjectScale.uasset" 783
"../../../Engine/Content/Functions/Engine_MaterialFunctions02/WorldPositionOffset/V2/ObjectScale.uexp" 784
"../../../Engine/Plugins/Interchange/Runtime/Content/gltf/MaterialFunctions/MF_TransmissionOpacity.uasset" 785
"../../../Engine/Plugins/Interchange/Runtime/Content/gltf/MaterialFunctions/MF_TransmissionOpacity.uexp" 786
"../../../Engine/Plugins/Interchange/Runtime/Content/gltf/MaterialFunctions/MF_Transmission.uasset" 787
"../../../Engine/Plugins/Interchange/Runtime/Content/gltf/MaterialFunctions/MF_Transmission.uexp" 788
"../../../Engine/Plugins/Interchange/Runtime/Content/gltf/M_Transmission.uasset" 789
"../../../Engine/Plugins/Interchange/Runtime/Content/gltf/M_Transmission.uexp" 790
"../../../Engine/Plugins/Interchange/Runtime/Content/gltf/MaterialInstances_MR/MI_Transmission_TS.uasset" 791
"../../../Engine/Plugins/Interchange/Runtime/Content/gltf/MaterialInstances_MR/MI_Transmission_TS.uexp" 792
"../../../Engine/Plugins/Interchange/Runtime/Content/gltf/MaterialInstances_MR/MI_Transmission.uasset" 793
"../../../Engine/Plugins/Interchange/Runtime/Content/gltf/MaterialInstances_MR/MI_Transmission.uexp" 794
"../../../Engine/Plugins/Interchange/Runtime/Content/gltf/M_Translucent.uasset" 795
"../../../Engine/Plugins/Interchange/Runtime/Content/gltf/M_Translucent.uexp" 796
"../../../Engine/Plugins/Interchange/Runtime/Content/gltf/MaterialInstances_MR/MI_Translucent_TS.uasset" 797
"../../../Engine/Plugins/Interchange/Runtime/Content/gltf/MaterialInstances_MR/MI_Translucent_TS.uexp" 798
"../../../Engine/Plugins/Interchange/Runtime/Content/gltf/MaterialInstances_MR/MI_Translucent_ClearCoat_TS.uasset" 799
"../../../Engine/Plugins/Interchange/Runtime/Content/gltf/MaterialInstances_MR/MI_Translucent_ClearCoat_TS.uexp" 800
"../../../Engine/Plugins/Interchange/Runtime/Content/gltf/MaterialInstances_MR/MI_Translucent_ClearCoat.uasset" 801
"../../../Engine/Plugins/Interchange/Runtime/Content/gltf/MaterialInstances_MR/MI_Translucent_ClearCoat.uexp" 802
"../../../Engine/Plugins/Interchange/Runtime/Content/gltf/MaterialInstances_MR/MI_Translucent.uasset" 803
"../../../Engine/Plugins/Interchange/Runtime/Content/gltf/MaterialInstances_MR/MI_Translucent.uexp" 804
"../../../Engine/Plugins/Interchange/Runtime/Content/gltf/M_Unlit.uasset" 805
"../../../Engine/Plugins/Interchange/Runtime/Content/gltf/M_Unlit.uexp" 806
"../../../Engine/Plugins/Interchange/Runtime/Content/gltf/MaterialInstances_MR/MI_Opaque_Unlit_TS.uasset" 807
"../../../Engine/Plugins/Interchange/Runtime/Content/gltf/MaterialInstances_MR/MI_Opaque_Unlit_TS.uexp" 808
"../../../Engine/Plugins/Interchange/Runtime/Content/gltf/MaterialInstances_MR/MI_Opaque_Unlit.uasset" 809
"../../../Engine/Plugins/Interchange/Runtime/Content/gltf/MaterialInstances_MR/MI_Opaque_Unlit.uexp" 810
"../../../Engine/Plugins/Interchange/Runtime/Content/gltf/MaterialInstances_MR/MI_Opaque_TS.uasset" 811
"../../../Engine/Plugins/Interchange/Runtime/Content/gltf/MaterialInstances_MR/MI_Opaque_TS.uexp" 812
"../../../Engine/Plugins/Interchange/Runtime/Content/gltf/MaterialFunctions/MF_Sheen.uasset" 813
"../../../Engine/Plugins/Interchange/Runtime/Content/gltf/MaterialFunctions/MF_Sheen.uexp" 814
"../../../Engine/Content/Functions/Engine_MaterialFunctions01/Shading/FuzzyShading.uasset" 815
"../../../Engine/Content/Functions/Engine_MaterialFunctions01/Shading/FuzzyShading.uexp" 816
"../../../Engine/Plugins/Interchange/Runtime/Content/gltf/M_Sheen.uasset" 817
"../../../Engine/Plugins/Interchange/Runtime/Content/gltf/M_Sheen.uexp" 818
"../../../Engine/Plugins/Interchange/Runtime/Content/gltf/MaterialInstances_MR/MI_Opaque_Sheen_TS.uasset" 819
"../../../Engine/Plugins/Interchange/Runtime/Content/gltf/MaterialInstances_MR/MI_Opaque_Sheen_TS.uexp" 820
"../../../Engine/Plugins/Interchange/Runtime/Content/gltf/MaterialInstances_MR/MI_Opaque_Sheen.uasset" 821
"../../../Engine/Plugins/Interchange/Runtime/Content/gltf/MaterialInstances_MR/MI_Opaque_Sheen.uexp" 822
"../../../Engine/Plugins/Interchange/Runtime/Content/gltf/MaterialInstances_MR/MI_Opaque_ClearCoat_TS.uasset" 823
"../../../Engine/Plugins/Interchange/Runtime/Content/gltf/MaterialInstances_MR/MI_Opaque_ClearCoat_TS.uexp" 824
"../../../Engine/Plugins/Interchange/Runtime/Content/gltf/MaterialInstances_MR/MI_Opaque_ClearCoat.uasset" 825
"../../../Engine/Plugins/Interchange/Runtime/Content/gltf/MaterialInstances_MR/MI_Opaque_ClearCoat.uexp" 826
"../../../Engine/Plugins/Interchange/Runtime/Content/gltf/MaterialInstances_MR/MI_Opaque.uasset" 827
"../../../Engine/Plugins/Interchange/Runtime/Content/gltf/MaterialInstances_MR/MI_Opaque.uexp" 828
"../../../Engine/Plugins/Interchange/Runtime/Content/gltf/MaterialInstances_SG/MI_Transmission_TS.uasset" 829
"../../../Engine/Plugins/Interchange/Runtime/Content/gltf/MaterialInstances_SG/MI_Transmission_TS.uexp" 830
"../../../Engine/Plugins/Interchange/Runtime/Content/gltf/MaterialInstances_SG/MI_Transmission.uasset" 831
"../../../Engine/Plugins/Interchange/Runtime/Content/gltf/MaterialInstances_SG/MI_Transmission.uexp" 832
"../../../Engine/Plugins/Interchange/Runtime/Content/gltf/MaterialInstances_SG/MI_Translucent_TS.uasset" 833
"../../../Engine/Plugins/Interchange/Runtime/Content/gltf/MaterialInstances_SG/MI_Translucent_TS.uexp" 834
"../../../Engine/Plugins/Interchange/Runtime/Content/gltf/MaterialInstances_SG/MI_Translucent_ClearCoat_TS.uasset" 835
"../../../Engine/Plugins/Interchange/Runtime/Content/gltf/MaterialInstances_SG/MI_Translucent_ClearCoat_TS.uexp" 836
"../../../Engine/Plugins/Interchange/Runtime/Content/gltf/MaterialInstances_SG/MI_Translucent_ClearCoat.uasset" 837
"../../../Engine/Plugins/Interchange/Runtime/Content/gltf/MaterialInstances_SG/MI_Translucent_ClearCoat.uexp" 838
"../../../Engine/Plugins/Interchange/Runtime/Content/gltf/MaterialInstances_SG/MI_Translucent.uasset" 839
"../../../Engine/Plugins/Interchange/Runtime/Content/gltf/MaterialInstances_SG/MI_Translucent.uexp" 840
"../../../Engine/Plugins/Interchange/Runtime/Content/gltf/MaterialInstances_SG/MI_Opaque_TS.uasset" 841
"../../../Engine/Plugins/Interchange/Runtime/Content/gltf/MaterialInstances_SG/MI_Opaque_TS.uexp" 842
"../../../Engine/Plugins/Interchange/Runtime/Content/gltf/MaterialInstances_SG/MI_Opaque_Sheen_TS.uasset" 843
"../../../Engine/Plugins/Interchange/Runtime/Content/gltf/MaterialInstances_SG/MI_Opaque_Sheen_TS.uexp" 844
"../../../Engine/Plugins/Interchange/Runtime/Content/gltf/MaterialInstances_SG/MI_Opaque_Sheen.uasset" 845
"../../../Engine/Plugins/Interchange/Runtime/Content/gltf/MaterialInstances_SG/MI_Opaque_Sheen.uexp" 846
"../../../Engine/Plugins/Interchange/Runtime/Content/gltf/MaterialInstances_SG/MI_Opaque_ClearCoat_TS.uasset" 847
"../../../Engine/Plugins/Interchange/Runtime/Content/gltf/MaterialInstances_SG/MI_Opaque_ClearCoat_TS.uexp" 848
"../../../Engine/Plugins/Interchange/Runtime/Content/gltf/MaterialInstances_SG/MI_Opaque_ClearCoat.uasset" 849
"../../../Engine/Plugins/Interchange/Runtime/Content/gltf/MaterialInstances_SG/MI_Opaque_ClearCoat.uexp" 850
"../../../Engine/Content/EngineMaterials/BlendFunc_DefBlend.uasset" 851
"../../../Engine/Content/EngineMaterials/BlendFunc_DefBlend.uexp" 852
"../../../Engine/Content/EngineMaterials/BlendFunc_DefBase.uasset" 853
"../../../Engine/Content/EngineMaterials/BlendFunc_DefBase.uexp" 854
"../../../Engine/Content/Functions/Engine_MaterialFunctions03/Blends/Blend_Overlay.uasset" 855
"../../../Engine/Content/Functions/Engine_MaterialFunctions03/Blends/Blend_Overlay.uexp" 856
"../../../Engine/Content/OpenWorldTemplate/LandscapeMaterial/T_GridChecker_A.ubulk" 857
"../../../Engine/Content/OpenWorldTemplate/LandscapeMaterial/T_GridChecker_A.uasset" 858
"../../../Engine/Content/OpenWorldTemplate/LandscapeMaterial/T_GridChecker_A.uexp" 859
"../../../Engine/Content/Functions/Engine_MaterialFunctions01/Gradient/LinearGradient.uasset" 860
"../../../Engine/Content/Functions/Engine_MaterialFunctions01/Gradient/LinearGradient.uexp" 861
"../../../Engine/Content/Functions/Engine_MaterialFunctions01/ImageAdjustment/CheapContrast.uasset" 862
"../../../Engine/Content/Functions/Engine_MaterialFunctions01/ImageAdjustment/CheapContrast.uexp" 863
"../../../Engine/Content/OpenWorldTemplate/LandscapeMaterial/MF_ProcGrid.uasset" 864
"../../../Engine/Content/OpenWorldTemplate/LandscapeMaterial/MF_ProcGrid.uexp" 865
"../../../Engine/Content/OpenWorldTemplate/LandscapeMaterial/M_ProcGrid.uasset" 866
"../../../Engine/Content/OpenWorldTemplate/LandscapeMaterial/M_ProcGrid.uexp" 867
"../../../Engine/Content/OpenWorldTemplate/LandscapeMaterial/MI_ProcGrid.uasset" 868
"../../../Engine/Content/OpenWorldTemplate/LandscapeMaterial/MI_ProcGrid.uexp" 869
"../../../Engine/Content/EngineSky/T_Sky_Stars.ubulk" 870
"../../../Engine/Content/EngineSky/T_Sky_Stars.uasset" 871
"../../../Engine/Content/EngineSky/T_Sky_Stars.uexp" 872
"../../../Engine/Content/EngineSky/T_Sky_Clouds_M.ubulk" 873
"../../../Engine/Content/EngineSky/T_Sky_Clouds_M.uasset" 874
"../../../Engine/Content/EngineSky/T_Sky_Clouds_M.uexp" 875
"../../../Engine/Content/EngineSky/T_Sky_Blue.ubulk" 876
"../../../Engine/Content/EngineSky/T_Sky_Blue.uasset" 877
"../../../Engine/Content/EngineSky/T_Sky_Blue.uexp" 878
"../../../Engine/Content/EngineSky/M_Sky_Panning_Clouds2.uasset" 879
"../../../Engine/Content/EngineSky/M_Sky_Panning_Clouds2.uexp" 880
"../../../Engine/Content/EngineSky/SM_SkySphere.ubulk" 881
"../../../Engine/Content/EngineSky/SM_SkySphere.uasset" 882
"../../../Engine/Content/EngineSky/SM_SkySphere.uexp" 883
"../../../Engine/Content/MapTemplates/SM_Template_Map_Floor.ubulk" 884
"../../../Engine/Content/MapTemplates/SM_Template_Map_Floor.uasset" 885
"../../../Engine/Content/MapTemplates/SM_Template_Map_Floor.uexp" 886
"../../../Engine/Content/EngineSky/M_SimpleSkyDome.uasset" 887
"../../../Engine/Content/EngineSky/M_SimpleSkyDome.uexp" 888
"D:/Documentos/UE Proyects/PhysicGame/Content/MAPS/Prueba.uexp" 889
"D:/Documentos/UE Proyects/PhysicGame/Content/MAPS/Prueba.umap" 890
"../../../Engine/Content/Maps/Entry_BuiltData.uasset" 891
"../../../Engine/Content/Maps/Entry_BuiltData.uexp" 892
"../../../Engine/Content/Maps/Entry.uexp" 893
"../../../Engine/Content/Maps/Entry.umap" 894
